[Cartago] Workspace mining created.
[Cartago] artifact m1view: mining.MiningPlanet(4,0) at mining created.
[Cartago] artifact m2view: mining.MiningPlanet(4,1) at mining created.
[Cartago] artifact m4view: mining.MiningPlanet(4,3) at mining created.
[Cartago] artifact m3view: mining.MiningPlanet(4,2) at mining created.
[MiningPlanet] Error creating world java.lang.NullPointerException: Cannot read field "x" because "l" is null
[Cartago] artifact m5view: mining.MiningPlanet(4,4) at mining created.
[miner4] join workspace /main/mining: done
[miner4] focusing on artifact m4view (at workspace /main/mining) using namespace default
[miner1] join workspace /main/mining: done
[miner1] focusing on artifact m1view (at workspace /main/mining) using namespace default
[miner3] join workspace /main/mining: done
[miner4] focus on m4view: done
[miner2] join workspace /main/mining: done
[miner4] I chose to go near 11 0 Coordinates
[miner1] focus on m1view: done
[miner2] focusing on artifact m2view (at workspace /main/mining) using namespace default
[miner3] focusing on artifact m3view (at workspace /main/mining) using namespace default
[miner1] I chose to go near 30 2 Coordinates
[miner2] focus on m2view: done
[miner3] focus on m3view: done
[miner2] I chose to go near 14 23 Coordinates
[miner3] I chose to go near 18 6 Coordinates
[miner1] Gold perceived: gold(1,1)
[miner4] Gold perceived: gold(19,20)
[miner4] Dropping near(_,_) desires and intentions to handle gold(19,20)
[miner1] Dropping near(_,_) desires and intentions to handle gold(1,1)
[miner4] Going for gold(19,20)
[miner1] Going for gold(1,1)
[miner4] Handling gold(19,20) now.
[miner1] Handling gold(1,1) now.
[miner4] I've reached 19x20
[miner1] I've reached 1x1
[miner3] Gold perceived: gold(15,20)
[miner3] Dropping near(_,_) desires and intentions to handle gold(15,20)
[miner3] Going for gold(15,20)
[miner3] Handling gold(15,20) now.
[miner3] I've reached 15x20
[miner4] I've reached 5x27
[WorldModel] Agent 4 carried a gold to depot!
[miner4] Finish handling gold(19,20)
[miner4] Gold distances: [d(17,gold(15,20)),d(21,gold(20,21)),d(22,gold(20,20)),d(20,gold(19,21))]4
[miner4] Next gold is gold(15,20)
[miner4] Handling gold(15,20) now.
[leader] Agent miner4 is now on the lead with the score of 0
[miner2] I am at (14,22) which is near (14,23)
[miner2] I chose to go near 4 16 Coordinates
[miner3] I've reached 5x27
[WorldModel] Agent 3 carried a gold to depot!
[miner3] Finish handling gold(15,20)
[leader] Agent miner3 has dropped 1 pieces of gold
[miner3] I chose to go near 23 11 Coordinates
[miner1] I've reached 5x27
[WorldModel] Agent 1 carried a gold to depot!
[miner1] Finish handling gold(1,1)
[leader] Agent miner1 has dropped 1 pieces of gold
[miner1] I chose to go near 1 7 Coordinates
[miner4] I've reached 15x20
[miner2] I am at (4,17) which is near (4,16)
[miner2] I chose to go near 13 7 Coordinates
[WorldModel] Agent 4 is trying the pick gold, but there is no gold at 15x20!
[miner4] failed to catch gold gold(15,20)
[miner4] Gold distances: [d(6,gold(20,21)),d(5,gold(20,20)),d(5,gold(19,21))]3
[miner4] Next gold is gold(19,21)
[miner4] Handling gold(19,21) now.
[miner4] I've reached 19x21
[miner3] Gold perceived: gold(24,24)
[miner3] Dropping near(_,_) desires and intentions to handle gold(24,24)
[miner3] Going for gold(24,24)
[miner3] Handling gold(24,24) now.
[miner3] I've reached 24x24
[miner1] I am at (1,8) which is near (1,7)
[miner2] I am at (13,8) which is near (13,7)
[miner1] I chose to go near 32 4 Coordinates
[miner2] I chose to go near 25 3 Coordinates
[miner4] I've reached 5x27
[WorldModel] Agent 4 carried a gold to depot!
[miner4] Finish handling gold(19,21)
[leader] Agent miner4 is now on the lead with the score of 1
[miner4] Gold distances: [d(20,gold(20,22)),d(21,gold(20,21)),d(22,gold(20,20))]3
[miner4] Next gold is gold(20,22)
[miner4] Handling gold(20,22) now.
[miner2] I am at (25,4) which is near (25,3)
[miner2] I chose to go near 27 12 Coordinates
[miner3] I've reached 5x27
[WorldModel] Agent 3 carried a gold to depot!
[miner3] Finish handling gold(24,24)
[leader] Agent miner3 has dropped 2 pieces of gold
[miner3] Gold distances: [d(18,gold(20,24)),d(19,gold(20,23))]2
[miner3] Next gold is gold(20,24)
[miner3] Handling gold(20,24) now.
[miner2] I am at (27,11) which is near (27,12)
[miner2] I chose to go near 6 16 Coordinates
[miner4] I've reached 20x22
[miner1] I am at (32,5) which is near (32,4)
[miner1] I chose to go near 15 21 Coordinates
[miner3] I've reached 20x24
[miner2] I am at (6,15) which is near (6,16)
[miner2] I chose to go near 30 19 Coordinates
[miner4] I've reached 5x27
[WorldModel] Agent 4 carried a gold to depot!
[miner4] Finish handling gold(20,22)
[leader] Agent miner4 is now on the lead with the score of 2
[miner4] Gold distances: [d(19,gold(20,23)),d(18,gold(20,24)),d(21,gold(20,21)),d(22,gold(20,20))]4
[miner4] Next gold is gold(20,24)
[miner4] Handling gold(20,24) now.
[miner1] Gold perceived: gold(20,13)
[miner1] Dropping near(_,_) desires and intentions to handle gold(20,13)
[miner1] Going for gold(20,13)
[miner1] Handling gold(20,13) now.
[miner3] I've reached 5x27
[miner1] I've reached 20x13
[WorldModel] Agent 3 carried a gold to depot!
[miner3] Finish handling gold(20,24)
[leader] Agent miner3 has dropped 3 pieces of gold
[miner3] Gold distances: [d(19,gold(20,23))]1
[miner3] Next gold is gold(20,23)
[miner3] Handling gold(20,23) now.
[miner4] I've reached 20x24
[WorldModel] Agent 4 is trying the pick gold, but there is no gold at 20x24!
[miner4] failed to catch gold gold(20,24)
[miner4] Gold distances: [d(1,gold(20,23)),d(3,gold(20,21)),d(4,gold(20,20))]3
[miner4] Next gold is gold(20,23)
[miner4] Handling gold(20,23) now.
[miner4] I've reached 20x23
[miner2] I am at (30,18) which is near (30,19)
[miner3] I've reached 20x23
[miner2] I chose to go near 12 4 Coordinates
[WorldModel] Agent 3 is trying the pick gold, but there is no gold at 20x23!
[miner3] failed to catch gold gold(20,23)
[miner3] I chose to go near 18 15 Coordinates
[miner1] I've reached 5x27
[miner3] I am at (18,16) which is near (18,15)
[miner3] I chose to go near 33 27 Coordinates
[WorldModel] Agent 1 carried a gold to depot!
[miner1] Finish handling gold(20,13)
[leader] Agent miner1 has dropped 2 pieces of gold
[miner1] I chose to go near 3 10 Coordinates
[miner4] I've reached 5x27
[WorldModel] Agent 4 carried a gold to depot!
[miner4] Finish handling gold(20,23)
[leader] Agent miner4 is now on the lead with the score of 3
[miner4] Gold distances: [d(21,gold(20,21)),d(22,gold(20,20))]2
[miner4] Next gold is gold(20,21)
[miner4] Handling gold(20,21) now.
[miner1] I am at (3,11) which is near (3,10)
[miner1] I chose to go near 21 28 Coordinates
[miner2] I am at (12,5) which is near (12,4)
[miner2] I chose to go near 21 7 Coordinates
[miner3] I am at (33,26) which is near (33,27)
[miner3] I chose to go near 20 32 Coordinates
[miner4] I've reached 20x21
[miner2] I am at (21,6) which is near (21,7)
[miner2] I chose to go near 30 5 Coordinates
[miner2] I am at (29,6) which is near (30,5)
[miner2] I chose to go near 14 27 Coordinates
[miner3] I am at (20,31) which is near (20,32)
[miner3] I chose to go near 9 1 Coordinates
[miner4] I've reached 5x27
[WorldModel] Agent 4 carried a gold to depot!
[miner4] Finish handling gold(20,21)
[leader] Agent miner4 is now on the lead with the score of 4
[miner4] Gold distances: [d(22,gold(20,20))]1
[miner4] Next gold is gold(20,20)
[miner4] Handling gold(20,20) now.
[miner1] I am at (21,27) which is near (21,28)
[miner1] I chose to go near 1 29 Coordinates
[miner4] I've reached 20x20
[miner1] I am at (2,28) which is near (1,29)
[miner1] I chose to go near 4 30 Coordinates
[miner2] I am at (14,26) which is near (14,27)
[miner2] I chose to go near 22 31 Coordinates
[miner1] I am at (4,29) which is near (4,30)
[miner1] I chose to go near 24 10 Coordinates
[miner3] I am at (9,2) which is near (9,1)
[miner3] I chose to go near 26 27 Coordinates
[miner2] I am at (22,30) which is near (22,31)
[miner2] I chose to go near 17 30 Coordinates
[miner2] I am at (18,30) which is near (17,30)
[miner2] I chose to go near 18 5 Coordinates
[miner4] I've reached 5x27
[WorldModel] Agent 4 carried a gold to depot!
[miner4] Finish handling gold(20,20)
[leader] Agent miner4 is now on the lead with the score of 5
[miner4] I chose to go near 12 13 Coordinates
[miner1] I am at (24,11) which is near (24,10)
[miner1] I chose to go near 32 11 Coordinates
[miner4] I am at (12,14) which is near (12,13)
[miner4] I chose to go near 26 7 Coordinates
[miner2] I am at (18,6) which is near (18,5)
[miner2] I chose to go near 14 4 Coordinates
[miner1] I am at (31,11) which is near (32,11)
[miner1] I chose to go near 7 16 Coordinates
[miner2] I am at (14,5) which is near (14,4)
[miner2] I chose to go near 28 32 Coordinates
[miner3] I am at (26,26) which is near (26,27)
[miner3] I chose to go near 25 4 Coordinates
[miner4] I am at (26,8) which is near (26,7)
[miner4] I chose to go near 28 3 Coordinates
[miner4] I am at (28,4) which is near (28,3)
[miner4] I chose to go near 18 14 Coordinates
[miner3] I am at (25,6) and I can't get to' (25,4)
[miner3] I chose to go near 0 20 Coordinates
[miner1] I am at (7,15) which is near (7,16)
[miner1] I chose to go near 19 1 Coordinates
[miner2] I am at (28,31) which is near (28,32)
[miner2] I chose to go near 1 20 Coordinates
[miner4] I am at (18,13) which is near (18,14)
[miner4] I chose to go near 7 11 Coordinates
[miner1] I am at (19,2) which is near (19,1)
[miner1] I chose to go near 33 16 Coordinates
[miner4] I am at (7,12) which is near (7,11)
[miner4] I chose to go near 7 4 Coordinates
[miner4] I am at (7,5) which is near (7,4)
[miner4] I chose to go near 1 10 Coordinates
[miner3] I am at (0,19) which is near (0,20)
[miner3] I chose to go near 29 11 Coordinates
[miner4] Gold perceived: gold(3,5)
[miner4] Dropping near(_,_) desires and intentions to handle gold(3,5)
[miner4] Going for gold(3,5)
[miner4] Handling gold(3,5) now.
[miner4] I've reached 3x5
[miner2] I am at (1,21) which is near (1,20)
[miner2] I chose to go near 18 20 Coordinates
[miner1] I am at (33,15) which is near (33,16)
[miner1] I chose to go near 19 3 Coordinates
[miner4] I've reached 5x27
[WorldModel] Agent 4 carried a gold to depot!
[miner4] Finish handling gold(3,5)
[leader] Agent miner4 is now on the lead with the score of 6
[miner4] I chose to go near 27 29 Coordinates
[miner2] I am at (17,21) which is near (18,20)
[miner2] I chose to go near 24 11 Coordinates
[miner3] I am at (29,12) which is near (29,11)
[miner3] I chose to go near 25 29 Coordinates
[miner1] I am at (19,4) which is near (19,3)
[miner1] I chose to go near 30 1 Coordinates
[miner2] I am at (24,12) which is near (24,11)
[miner2] I chose to go near 23 4 Coordinates
[miner4] I am at (27,28) which is near (27,29)
[miner4] I chose to go near 0 6 Coordinates
[miner2] I am at (23,5) which is near (23,4)
[miner2] I chose to go near 18 15 Coordinates
[miner1] I am at (30,2) which is near (30,1)
[miner1] I chose to go near 5 11 Coordinates
[miner3] I am at (25,28) which is near (25,29)
[miner3] I chose to go near 10 18 Coordinates
[miner2] I am at (18,14) which is near (18,15)
[miner2] I chose to go near 33 15 Coordinates
[miner2] I am at (32,14) which is near (33,15)
[miner3] I am at (10,19) which is near (10,18)
[miner2] I chose to go near 8 3 Coordinates
[miner3] I chose to go near 14 6 Coordinates
[miner1] I am at (5,10) which is near (5,11)
[miner1] I chose to go near 27 4 Coordinates
[miner3] I am at (14,7) which is near (14,6)
[miner3] I chose to go near 32 13 Coordinates
[miner4] I am at (0,7) which is near (0,6)
[miner4] I chose to go near 1 20 Coordinates
[miner4] I am at (1,19) which is near (1,20)
[miner4] I chose to go near 21 12 Coordinates
[miner1] I am at (27,5) which is near (27,4)
[miner1] I chose to go near 6 32 Coordinates
[miner2] I am at (8,4) which is near (8,3)
[miner2] I chose to go near 3 29 Coordinates
[miner3] I am at (32,12) which is near (32,13)
[miner3] I chose to go near 21 25 Coordinates
[miner4] I am at (21,13) which is near (21,12)
[miner4] I chose to go near 8 22 Coordinates
[miner3] I am at (21,24) which is near (21,25)
[miner3] I chose to go near 23 10 Coordinates
[miner2] I am at (3,28) which is near (3,29)
[miner2] I chose to go near 29 20 Coordinates
[miner3] I am at (23,11) which is near (23,10)
[miner3] I chose to go near 29 14 Coordinates
[miner4] I am at (8,21) which is near (8,22)
[miner4] I chose to go near 21 31 Coordinates
[miner1] I am at (6,31) which is near (6,32)
[miner1] I chose to go near 27 2 Coordinates
[miner3] I am at (29,13) which is near (29,14)
[miner3] I chose to go near 6 8 Coordinates
[miner2] I am at (29,21) which is near (29,20)
[miner2] I chose to go near 2 7 Coordinates
[miner4] I am at (21,30) which is near (21,31)
[miner4] I chose to go near 30 26 Coordinates
[miner3] I am at (6,9) which is near (6,8)
[miner3] I chose to go near 31 25 Coordinates
[miner4] I am at (30,27) which is near (30,26)
[miner4] I chose to go near 11 9 Coordinates
[miner1] I am at (27,3) which is near (27,2)
[miner1] I chose to go near 26 22 Coordinates
[miner2] I am at (2,8) which is near (2,7)
[miner2] I chose to go near 27 13 Coordinates
[miner1] I am at (26,21) which is near (26,22)
[miner1] I chose to go near 20 12 Coordinates
[miner4] I am at (11,10) which is near (11,9)
[miner4] I chose to go near 15 16 Coordinates
[miner3] I am at (31,24) which is near (31,25)
[miner3] I chose to go near 12 11 Coordinates
[miner4] I am at (15,15) which is near (15,16)
[miner4] I chose to go near 32 1 Coordinates
[miner1] I am at (20,13) which is near (20,12)
[miner1] I chose to go near 23 18 Coordinates
[miner2] I am at (27,12) which is near (27,13)
[miner2] I chose to go near 10 8 Coordinates
[miner1] I am at (23,17) which is near (23,18)
[miner1] I chose to go near 5 24 Coordinates
[miner3] I am at (12,12) which is near (12,11)
[miner3] I chose to go near 24 4 Coordinates
[miner2] I am at (10,9) which is near (10,8)
[miner2] I chose to go near 21 9 Coordinates
[miner4] I am at (32,2) which is near (32,1)
[miner4] I chose to go near 8 4 Coordinates
[miner1] I am at (5,23) which is near (5,24)
[miner1] I chose to go near 15 17 Coordinates
[miner2] I am at (20,9) which is near (21,9)
[miner2] I chose to go near 13 20 Coordinates
[miner3] I am at (24,5) which is near (24,4)
[miner3] I chose to go near 4 28 Coordinates
[miner1] I am at (15,19) and I can't get to' (15,17)
[miner1] I chose to go near 27 6 Coordinates
[miner2] I am at (13,19) which is near (13,20)
[miner4] I am at (8,3) which is near (8,4)
[miner2] I chose to go near 11 3 Coordinates
[miner4] I chose to go near 16 23 Coordinates
[miner2] I am at (11,4) which is near (11,3)
[miner2] I chose to go near 8 3 Coordinates
[miner2] I am at (9,4) which is near (8,3)
[miner2] I chose to go near 0 12 Coordinates
[miner1] I am at (27,7) which is near (27,6)
[miner1] I chose to go near 32 13 Coordinates
[miner4] I am at (16,22) which is near (16,23)
[miner4] I chose to go near 13 17 Coordinates
[miner1] I am at (32,12) which is near (32,13)
[miner1] I chose to go near 7 2 Coordinates
[miner3] I am at (4,27) which is near (4,28)
[miner3] I chose to go near 2 28 Coordinates
[miner3] I am at (3,27) which is near (2,28)
[miner3] I chose to go near 4 9 Coordinates
[miner4] I am at (13,18) which is near (13,17)
[miner4] I chose to go near 16 24 Coordinates
[miner2] I am at (0,11) which is near (0,12)
[miner2] I chose to go near 23 31 Coordinates
[miner4] I am at (16,23) which is near (16,24)
[miner4] I chose to go near 24 19 Coordinates
[miner3] I am at (4,10) which is near (4,9)
[miner3] I chose to go near 12 18 Coordinates
[miner4] I am at (24,20) which is near (24,19)
[miner4] I chose to go near 13 5 Coordinates
[miner1] I am at (7,3) which is near (7,2)
[miner1] I chose to go near 8 22 Coordinates
[miner3] I am at (12,17) which is near (12,18)
[miner3] I chose to go near 19 24 Coordinates
[miner2] I am at (23,30) which is near (23,31)
[miner2] I chose to go near 0 25 Coordinates
[miner4] I am at (13,6) which is near (13,5)
[miner4] I chose to go near 0 12 Coordinates
[miner3] I am at (19,23) which is near (19,24)
[miner3] I chose to go near 7 33 Coordinates
[miner1] I am at (8,21) which is near (8,22)
[miner1] I chose to go near 22 18 Coordinates
[miner4] I am at (0,11) which is near (0,12)
[miner4] I chose to go near 26 16 Coordinates
[miner1] I am at (22,19) which is near (22,18)
[miner1] I chose to go near 6 28 Coordinates
[miner3] I am at (7,32) which is near (7,33)
[miner3] I chose to go near 14 25 Coordinates
[miner2] I am at (0,26) which is near (0,25)
[miner2] I chose to go near 25 33 Coordinates
[miner3] I am at (14,26) which is near (14,25)
[miner3] I chose to go near 5 11 Coordinates
[miner1] I am at (6,27) which is near (6,28)
[miner1] I chose to go near 17 11 Coordinates
[miner4] I am at (26,15) which is near (26,16)
[miner4] I chose to go near 28 12 Coordinates
[miner4] I am at (28,13) which is near (28,12)
[miner4] I chose to go near 11 6 Coordinates
[miner2] I am at (25,32) which is near (25,33)
[miner2] I chose to go near 6 30 Coordinates
[miner3] I am at (5,12) which is near (5,11)
[miner3] I chose to go near 30 21 Coordinates
[miner1] I am at (17,12) which is near (17,11)
[miner1] I chose to go near 0 27 Coordinates
[miner4] I am at (11,7) which is near (11,6)
[miner4] I chose to go near 8 0 Coordinates
[miner2] I am at (6,31) which is near (6,30)
[miner2] I chose to go near 23 3 Coordinates
[miner4] I am at (8,1) which is near (8,0)
[miner4] I chose to go near 22 28 Coordinates
[miner3] I am at (30,20) which is near (30,21)
[miner3] I chose to go near 16 18 Coordinates
[miner1] I am at (0,26) which is near (0,27)
[miner1] I chose to go near 28 27 Coordinates
[miner3] I am at (16,19) which is near (16,18)
[miner3] I chose to go near 13 0 Coordinates
[miner2] I am at (23,4) which is near (23,3)
[miner2] I chose to go near 27 18 Coordinates
[miner4] I am at (22,27) which is near (22,28)
[miner4] I chose to go near 10 32 Coordinates
[miner3] I am at (13,1) which is near (13,0)
[miner3] I chose to go near 15 27 Coordinates
[miner1] I am at (27,27) which is near (28,27)
[miner1] I chose to go near 30 4 Coordinates
[miner2] I am at (27,17) which is near (27,18)
[miner2] I chose to go near 15 31 Coordinates
[miner4] I am at (10,31) which is near (10,32)
[miner4] I chose to go near 5 30 Coordinates
[miner4] I am at (6,31) which is near (5,30)
[miner4] I chose to go near 0 23 Coordinates
[miner3] I am at (15,26) which is near (15,27)
[miner3] I chose to go near 6 21 Coordinates
[miner4] I am at (0,24) which is near (0,23)
[miner4] I chose to go near 9 10 Coordinates
[miner1] I am at (30,5) which is near (30,4)
[miner1] I chose to go near 11 26 Coordinates
[miner2] I am at (15,30) which is near (15,31)
[miner2] I chose to go near 7 26 Coordinates
[miner3] I am at (6,22) which is near (6,21)
[miner3] I chose to go near 2 9 Coordinates
[miner2] I am at (7,27) which is near (7,26)
[miner2] I chose to go near 10 11 Coordinates
[miner4] I am at (9,11) which is near (9,10)
[miner4] I chose to go near 20 21 Coordinates
[miner3] I am at (2,10) which is near (2,9)
[miner3] I chose to go near 18 1 Coordinates
[miner2] I am at (10,12) which is near (10,11)
[miner2] I chose to go near 9 17 Coordinates
[miner2] I am at (9,16) which is near (9,17)
[miner2] I chose to go near 27 0 Coordinates
[miner1] I am at (11,25) which is near (11,26)
[miner1] I chose to go near 29 5 Coordinates
[miner4] I am at (20,20) which is near (20,21)
[miner4] I chose to go near 5 30 Coordinates
[miner3] I am at (18,2) which is near (18,1)
[miner3] I chose to go near 25 2 Coordinates
[miner3] I am at (24,2) which is near (25,2)
[miner3] I chose to go near 12 2 Coordinates
[miner4] I am at (5,29) which is near (5,30)
[miner4] I chose to go near 30 28 Coordinates
[miner3] I am at (13,2) which is near (12,2)
[miner3] I chose to go near 21 15 Coordinates
[miner2] I am at (27,1) which is near (27,0)
[miner2] I chose to go near 27 20 Coordinates
[miner1] I am at (29,6) which is near (29,5)
[miner1] I chose to go near 17 12 Coordinates
[miner3] I am at (21,14) which is near (21,15)
[miner3] I chose to go near 24 18 Coordinates
[miner4] I am at (29,29) which is near (30,28)
[miner4] I chose to go near 31 31 Coordinates
[miner2] I am at (27,19) which is near (27,20)
[miner2] I chose to go near 4 29 Coordinates
[miner4] I am at (31,30) which is near (31,31)
[miner4] I chose to go near 27 15 Coordinates
[miner3] I am at (24,17) which is near (24,18)
[miner3] I chose to go near 14 20 Coordinates
[miner1] I am at (18,12) which is near (17,12)
[miner1] I chose to go near 10 14 Coordinates
[miner1] I am at (10,13) which is near (10,14)
[miner1] I chose to go near 18 26 Coordinates
[miner3] I am at (14,19) which is near (14,20)
[miner3] I chose to go near 16 10 Coordinates
[miner4] I am at (27,16) which is near (27,15)
[miner4] I chose to go near 26 15 Coordinates
[miner4] I am at (27,16) which is near (26,15)
[miner4] I chose to go near 33 24 Coordinates
[miner3] I am at (16,11) which is near (16,10)
[miner3] I chose to go near 16 27 Coordinates
[miner2] I am at (4,28) which is near (4,29)
[miner2] I chose to go near 9 5 Coordinates
[miner4] I am at (33,23) which is near (33,24)
[miner4] I chose to go near 15 12 Coordinates
[miner1] I am at (18,25) which is near (18,26)
[miner1] I chose to go near 33 25 Coordinates
[miner3] I am at (16,26) which is near (16,27)
[miner3] I chose to go near 31 22 Coordinates
[miner1] I am at (32,25) which is near (33,25)
[miner1] I chose to go near 31 23 Coordinates
[miner1] I am at (31,24) which is near (31,23)
[miner1] I chose to go near 14 2 Coordinates
[miner2] I am at (9,6) which is near (9,5)
[miner2] I chose to go near 9 10 Coordinates
[miner3] I am at (31,23) which is near (31,22)
[miner3] I chose to go near 20 28 Coordinates
[miner4] I am at (15,13) which is near (15,12)
[miner4] I chose to go near 16 30 Coordinates
[miner2] I am at (9,9) which is near (9,10)
[miner2] I chose to go near 21 23 Coordinates
[miner3] I am at (20,27) which is near (20,28)
[miner3] I chose to go near 11 33 Coordinates
[miner4] I am at (16,29) which is near (16,30)
[miner4] I chose to go near 17 20 Coordinates
[miner2] I am at (21,22) which is near (21,23)
[miner2] I chose to go near 11 33 Coordinates
[miner4] I am at (17,21) which is near (17,20)
[miner4] I chose to go near 25 29 Coordinates
[miner1] I am at (14,3) which is near (14,2)
[miner1] I chose to go near 9 9 Coordinates
[miner3] I am at (11,32) which is near (11,33)
[miner3] I chose to go near 23 4 Coordinates
[miner1] I am at (9,8) which is near (9,9)
[miner1] I chose to go near 0 32 Coordinates
[miner4] I am at (24,29) which is near (25,29)
[miner4] I chose to go near 27 24 Coordinates
[miner2] I am at (11,32) which is near (11,33)
[miner2] I chose to go near 20 20 Coordinates
[miner4] I am at (27,25) which is near (27,24)
[miner4] I chose to go near 13 6 Coordinates
[miner3] I am at (23,5) which is near (23,4)
[miner3] I chose to go near 32 20 Coordinates
[miner1] I am at (0,31) which is near (0,32)
[miner1] I chose to go near 29 5 Coordinates
[miner2] I am at (20,21) which is near (20,20)
[miner2] I chose to go near 19 12 Coordinates
[miner2] I am at (19,13) which is near (19,12)
[miner2] I chose to go near 20 7 Coordinates
[miner2] I am at (20,8) which is near (20,7)
[miner2] I chose to go near 12 32 Coordinates
[miner4] I am at (13,7) which is near (13,6)
[miner4] I chose to go near 19 15 Coordinates
[miner3] I am at (32,19) which is near (32,20)
[miner3] I chose to go near 4 19 Coordinates
[miner4] I am at (19,14) which is near (19,15)
[miner4] I chose to go near 27 9 Coordinates
[miner4] I am at (27,10) which is near (27,9)
[miner4] I chose to go near 16 25 Coordinates
[miner3] I am at (5,19) which is near (4,19)
[miner3] I chose to go near 32 0 Coordinates
[miner2] I am at (12,31) which is near (12,32)
[miner2] I chose to go near 28 13 Coordinates
[miner1] I am at (29,6) which is near (29,5)
[miner1] I chose to go near 6 6 Coordinates
[miner4] I am at (16,24) which is near (16,25)
[miner4] I chose to go near 0 6 Coordinates
[miner1] I am at (7,6) which is near (6,6)
[miner1] I chose to go near 8 2 Coordinates
[miner1] I am at (8,3) which is near (8,2)
[miner1] I chose to go near 17 13 Coordinates
[miner2] I am at (28,14) which is near (28,13)
[miner2] I chose to go near 12 27 Coordinates
[miner3] I am at (32,1) which is near (32,0)
[miner3] I chose to go near 14 5 Coordinates
[miner1] I am at (17,12) which is near (17,13)
[miner1] I chose to go near 26 18 Coordinates
[miner4] I am at (0,7) which is near (0,6)
[miner4] I chose to go near 22 30 Coordinates
[miner2] I am at (12,26) which is near (12,27)
[miner2] I chose to go near 8 18 Coordinates
[miner1] I am at (26,17) which is near (26,18)
[miner1] I chose to go near 27 23 Coordinates
[miner3] I am at (14,4) which is near (14,5)
[miner3] I chose to go near 25 23 Coordinates
[miner1] I am at (27,22) which is near (27,23)
[miner1] I chose to go near 6 31 Coordinates
[miner2] I am at (8,19) which is near (8,18)
[miner2] I chose to go near 22 19 Coordinates
[miner2] I am at (21,19) which is near (22,19)
[miner2] I chose to go near 13 0 Coordinates
[miner3] I am at (25,22) which is near (25,23)
[miner3] I chose to go near 8 17 Coordinates
[miner4] I am at (22,29) which is near (22,30)
[miner4] I chose to go near 14 19 Coordinates
[miner1] I am at (6,30) which is near (6,31)
[miner1] I chose to go near 4 24 Coordinates
[miner1] I am at (4,25) which is near (4,24)
[miner1] I chose to go near 29 6 Coordinates
[miner2] I am at (13,1) which is near (13,0)
[miner2] I chose to go near 28 12 Coordinates
[miner4] I am at (14,20) which is near (14,19)
[miner4] I chose to go near 28 33 Coordinates
[miner3] I am at (8,18) which is near (8,17)
[miner3] I chose to go near 12 16 Coordinates
[miner3] I am at (12,17) which is near (12,16)
[miner3] I chose to go near 3 6 Coordinates
[miner2] I am at (28,11) which is near (28,12)
[miner2] I chose to go near 33 15 Coordinates
[miner3] I am at (3,7) which is near (3,6)
[miner3] I chose to go near 6 29 Coordinates
[miner4] I am at (28,32) which is near (28,33)
[miner4] I chose to go near 31 7 Coordinates
[miner2] I am at (33,14) which is near (33,15)
[miner2] I chose to go near 13 19 Coordinates
[miner1] I am at (29,7) which is near (29,6)
[miner1] I chose to go near 13 18 Coordinates
[miner3] I am at (6,28) which is near (6,29)
[miner3] I chose to go near 33 23 Coordinates
[miner4] I am at (31,8) which is near (31,7)
[miner4] I chose to go near 23 6 Coordinates
[miner2] I am at (13,18) which is near (13,19)
[miner2] I chose to go near 33 12 Coordinates
[miner1] I am at (13,17) which is near (13,18)
[miner1] I chose to go near 29 26 Coordinates
[miner4] I am at (23,7) which is near (23,6)
[miner4] I chose to go near 15 15 Coordinates
[miner4] I am at (15,14) which is near (15,15)
[miner4] I chose to go near 19 27 Coordinates
[miner2] I am at (33,13) which is near (33,12)
[miner2] I chose to go near 22 4 Coordinates
[miner3] I am at (33,24) which is near (33,23)
[miner3] I chose to go near 3 18 Coordinates
[miner1] I am at (29,25) which is near (29,26)
[miner1] I chose to go near 5 9 Coordinates
[miner4] I am at (19,26) which is near (19,27)
[miner4] I chose to go near 1 33 Coordinates
[miner2] I am at (22,5) which is near (22,4)
[miner2] I chose to go near 20 29 Coordinates
[miner3] I am at (3,19) which is near (3,18)
[miner3] I chose to go near 6 8 Coordinates
[miner4] I am at (1,32) which is near (1,33)
[miner4] I chose to go near 24 26 Coordinates
[miner2] I am at (20,28) which is near (20,29)
[miner2] I chose to go near 15 33 Coordinates
[miner1] I am at (5,10) which is near (5,9)
[miner1] I chose to go near 12 14 Coordinates
[miner3] I am at (5,9) which is near (6,8)
[miner3] I chose to go near 19 6 Coordinates
[miner2] I am at (15,32) which is near (15,33)
[miner2] I chose to go near 19 10 Coordinates
[miner1] I am at (12,13) which is near (12,14)
[miner1] I chose to go near 26 30 Coordinates
[miner4] I am at (24,27) which is near (24,26)
[miner4] I chose to go near 32 10 Coordinates
[miner3] I am at (19,7) which is near (19,6)
[miner3] I chose to go near 27 4 Coordinates
[miner3] I am at (27,5) which is near (27,4)
[miner3] I chose to go near 9 18 Coordinates
[miner2] I am at (19,11) which is near (19,10)
[miner2] I chose to go near 6 16 Coordinates
[miner1] I am at (26,29) which is near (26,30)
[miner1] I chose to go near 0 31 Coordinates
[miner4] I am at (32,11) which is near (32,10)
[miner4] I chose to go near 16 26 Coordinates
[miner2] I am at (6,15) which is near (6,16)
[miner2] I chose to go near 16 21 Coordinates
[miner3] I am at (9,17) which is near (9,18)
[miner3] I chose to go near 14 20 Coordinates
[miner2] I am at (16,20) which is near (16,21)
[miner2] I chose to go near 13 10 Coordinates
[miner3] I am at (14,19) which is near (14,20)
[miner3] I chose to go near 10 32 Coordinates
[miner1] I am at (0,30) which is near (0,31)
[miner1] I chose to go near 13 19 Coordinates
[miner4] I am at (16,25) which is near (16,26)
[miner4] I chose to go near 28 25 Coordinates
[miner2] I am at (13,11) which is near (13,10)
[miner2] I chose to go near 0 25 Coordinates
[miner3] I am at (10,31) which is near (10,32)
[miner3] I chose to go near 11 21 Coordinates
[miner4] I am at (27,25) which is near (28,25)
[miner4] I chose to go near 26 21 Coordinates
[miner4] I am at (26,22) which is near (26,21)
[miner4] I chose to go near 29 23 Coordinates
[miner4] I am at (28,22) which is near (29,23)
[miner4] I chose to go near 17 12 Coordinates
[miner1] I am at (13,20) which is near (13,19)
[miner1] I chose to go near 0 29 Coordinates
[miner3] I am at (11,22) which is near (11,21)
[miner3] I chose to go near 0 4 Coordinates
[miner2] I am at (0,24) which is near (0,25)
[miner2] I chose to go near 1 6 Coordinates
[miner4] I am at (17,13) which is near (17,12)
[miner4] I chose to go near 10 28 Coordinates
[miner1] I am at (0,28) which is near (0,29)
[miner1] I chose to go near 17 30 Coordinates
[miner3] I am at (0,5) which is near (0,4)
[miner3] I chose to go near 27 32 Coordinates
[miner2] I am at (1,7) which is near (1,6)
[miner2] I chose to go near 11 2 Coordinates
[miner4] I am at (10,27) which is near (10,28)
[miner4] I chose to go near 15 21 Coordinates
[miner1] I am at (17,29) which is near (17,30)
[miner1] I chose to go near 5 5 Coordinates
[miner2] I am at (11,3) which is near (11,2)
[miner2] I chose to go near 6 28 Coordinates
[miner4] I am at (15,22) which is near (15,21)
[miner4] I chose to go near 22 32 Coordinates
[miner4] I am at (22,31) which is near (22,32)
[miner4] I chose to go near 9 21 Coordinates
[miner2] I am at (6,27) which is near (6,28)
[miner2] I chose to go near 14 25 Coordinates
[miner1] I am at (5,6) which is near (5,5)
[miner1] I chose to go near 28 12 Coordinates
[miner2] I am at (14,26) which is near (14,25)
[miner2] I chose to go near 7 1 Coordinates
[miner3] I am at (27,31) which is near (27,32)
[miner3] I chose to go near 9 15 Coordinates
[miner4] I am at (9,22) which is near (9,21)
[miner4] I chose to go near 12 10 Coordinates
[miner4] I am at (12,11) which is near (12,10)
[miner4] I chose to go near 23 6 Coordinates
[miner1] I am at (28,11) which is near (28,12)
[miner1] I chose to go near 6 19 Coordinates
[miner2] I am at (7,2) which is near (7,1)
[miner2] I chose to go near 26 16 Coordinates
[miner4] I am at (23,7) which is near (23,6)
[miner4] I chose to go near 9 15 Coordinates
[miner3] I am at (9,16) which is near (9,15)
[miner3] I chose to go near 6 31 Coordinates
[miner1] I am at (6,18) which is near (6,19)
[miner1] I chose to go near 10 20 Coordinates
[miner3] I am at (6,30) which is near (6,31)
[miner3] I chose to go near 31 6 Coordinates
[miner4] I am at (9,14) which is near (9,15)
[miner4] I chose to go near 18 3 Coordinates
[miner1] I am at (10,19) which is near (10,20)
[miner1] I chose to go near 1 2 Coordinates
[miner2] I am at (26,15) which is near (26,16)
[miner2] I chose to go near 18 26 Coordinates
[miner4] I am at (18,4) which is near (18,3)
[miner4] I chose to go near 3 7 Coordinates
[miner1] I am at (1,3) which is near (1,2)
[miner1] I chose to go near 29 17 Coordinates
[miner2] I am at (18,25) which is near (18,26)
[miner2] I chose to go near 23 19 Coordinates
[miner4] I am at (3,6) which is near (3,7)
[miner4] I chose to go near 21 27 Coordinates
[miner2] I am at (23,20) which is near (23,19)
[miner2] I chose to go near 13 23 Coordinates
[miner3] I am at (31,7) which is near (31,6)
[miner3] I chose to go near 20 18 Coordinates
[miner2] I am at (13,22) which is near (13,23)
[miner2] I chose to go near 0 21 Coordinates
[miner2] I am at (1,22) which is near (0,21)
[miner2] I chose to go near 27 8 Coordinates
[miner3] I am at (20,17) which is near (20,18)
[miner3] I chose to go near 5 2 Coordinates
[miner1] I am at (29,16) which is near (29,17)
[miner1] I chose to go near 7 2 Coordinates
[miner4] I am at (21,26) which is near (21,27)
[miner4] I chose to go near 7 32 Coordinates
[miner4] I am at (7,31) which is near (7,32)
[miner4] I chose to go near 3 17 Coordinates
[miner3] I am at (5,3) which is near (5,2)
[miner3] I chose to go near 30 22 Coordinates
[miner2] I am at (27,9) which is near (27,8)
[miner2] I chose to go near 19 0 Coordinates
[miner1] I am at (7,3) which is near (7,2)
[miner1] I chose to go near 8 19 Coordinates
[miner4] I am at (3,18) which is near (3,17)
[miner4] I chose to go near 16 7 Coordinates
[miner2] I am at (19,1) which is near (19,0)
[miner2] I chose to go near 31 19 Coordinates
[miner1] I am at (8,18) which is near (8,19)
[miner1] I chose to go near 16 3 Coordinates
[miner4] I am at (16,8) which is near (16,7)
[miner4] I chose to go near 0 32 Coordinates
[miner3] I am at (30,21) which is near (30,22)
[miner3] I chose to go near 7 7 Coordinates
[miner1] I am at (16,4) which is near (16,3)
[miner1] I chose to go near 29 4 Coordinates
[miner2] I am at (31,18) which is near (31,19)
[miner2] I chose to go near 1 25 Coordinates
[miner1] I am at (28,4) which is near (29,4)
[miner1] I chose to go near 5 31 Coordinates
[miner4] I am at (0,31) which is near (0,32)
[miner4] I chose to go near 16 9 Coordinates
[miner3] I am at (7,8) which is near (7,7)
[miner3] I chose to go near 17 28 Coordinates
[miner2] I am at (1,24) which is near (1,25)
[miner2] I chose to go near 12 31 Coordinates
[miner2] I am at (12,30) which is near (12,31)
[miner2] I chose to go near 32 25 Coordinates
[miner4] I am at (16,10) which is near (16,9)
[miner4] I chose to go near 20 23 Coordinates
[miner1] I am at (6,30) which is near (5,31)
[miner1] I chose to go near 28 4 Coordinates
[miner3] I am at (16,28) which is near (17,28)
[miner3] I chose to go near 22 23 Coordinates
[miner2] I am at (32,26) which is near (32,25)
[miner2] I chose to go near 27 8 Coordinates
[miner3] I am at (22,24) which is near (22,23)
[miner3] I chose to go near 21 14 Coordinates
[miner4] I am at (20,22) which is near (20,23)
[miner4] I chose to go near 18 2 Coordinates
[miner3] I am at (21,15) which is near (21,14)
[miner3] I chose to go near 18 19 Coordinates
[miner3] I am at (18,18) which is near (18,19)
[miner3] I chose to go near 26 28 Coordinates
[miner2] I am at (27,9) which is near (27,8)
[miner2] I chose to go near 16 14 Coordinates
[miner4] I am at (18,3) which is near (18,2)
[miner4] I chose to go near 10 19 Coordinates
[miner3] I am at (26,27) which is near (26,28)
[miner3] I chose to go near 26 11 Coordinates
[miner1] I am at (28,5) which is near (28,4)
[miner1] I chose to go near 4 25 Coordinates
[miner2] I am at (16,13) which is near (16,14)
[miner2] I chose to go near 18 28 Coordinates
[miner4] I am at (10,18) which is near (10,19)
[miner4] I chose to go near 13 5 Coordinates
[miner3] I am at (26,12) which is near (26,11)
[miner3] I chose to go near 10 25 Coordinates
[miner2] I am at (18,27) which is near (18,28)
[miner2] I chose to go near 23 1 Coordinates
[miner4] I am at (13,6) which is near (13,5)
[miner4] I chose to go near 16 23 Coordinates
[miner3] I am at (10,24) which is near (10,25)
[miner3] I chose to go near 11 11 Coordinates
[miner1] I am at (4,24) which is near (4,25)
[miner1] I chose to go near 20 10 Coordinates
[miner4] I am at (16,22) which is near (16,23)
[miner4] I chose to go near 4 1 Coordinates
[miner2] I am at (23,2) which is near (23,1)
[miner2] I chose to go near 17 22 Coordinates
[miner3] I am at (11,12) which is near (11,11)
[miner3] I chose to go near 31 18 Coordinates
[miner1] I am at (20,11) which is near (20,10)
[miner1] I chose to go near 32 12 Coordinates
[miner2] I am at (17,21) which is near (17,22)
[miner2] I chose to go near 10 3 Coordinates
[miner4] I am at (4,2) which is near (4,1)
[miner4] I chose to go near 1 27 Coordinates
[miner3] I am at (31,17) which is near (31,18)
[miner3] I chose to go near 3 23 Coordinates
[miner1] I am at (31,11) which is near (32,12)
[miner1] I chose to go near 33 12 Coordinates
[miner1] I am at (32,11) which is near (33,12)
[miner1] I chose to go near 22 28 Coordinates
[miner2] I am at (10,4) which is near (10,3)
[miner2] I chose to go near 6 22 Coordinates
[miner4] I am at (1,26) which is near (1,27)
[miner4] I chose to go near 6 9 Coordinates
[miner1] I am at (22,27) which is near (22,28)
[miner1] I chose to go near 2 18 Coordinates
[miner3] I am at (3,22) which is near (3,23)
[miner3] I chose to go near 19 9 Coordinates
[miner2] I am at (6,21) which is near (6,22)
[miner2] I chose to go near 23 6 Coordinates
[miner4] I am at (6,10) which is near (6,9)
[miner4] I chose to go near 14 28 Coordinates
[miner1] I am at (2,19) which is near (2,18)
[miner1] I chose to go near 11 8 Coordinates
[miner3] I am at (19,10) which is near (19,9)
[miner3] I chose to go near 22 19 Coordinates
[miner4] I am at (14,27) which is near (14,28)
[miner4] I chose to go near 25 4 Coordinates
[miner3] I am at (22,18) which is near (22,19)
[miner2] I am at (23,7) which is near (23,6)
[miner2] I chose to go near 29 11 Coordinates
[miner3] I chose to go near 26 4 Coordinates
[miner1] I am at (11,9) which is near (11,8)
[miner1] I chose to go near 26 21 Coordinates
[miner2] I am at (29,10) which is near (29,11)
[miner2] I chose to go near 12 0 Coordinates
[miner3] I am at (26,5) which is near (26,4)
[miner3] I chose to go near 19 18 Coordinates
[miner1] I am at (26,20) which is near (26,21)
[miner1] I chose to go near 20 10 Coordinates
[miner4] I am at (25,5) which is near (25,4)
[miner4] I chose to go near 5 27 Coordinates
[miner2] I am at (12,1) which is near (12,0)
[miner3] I am at (19,17) which is near (19,18)
[miner3] I chose to go near 12 21 Coordinates
[miner2] I chose to go near 15 6 Coordinates
[miner1] I am at (20,11) which is near (20,10)
[miner1] I chose to go near 2 29 Coordinates
[miner2] I am at (15,5) which is near (15,6)
[miner3] I am at (12,20) which is near (12,21)
[miner3] I chose to go near 7 6 Coordinates
[miner2] I chose to go near 9 9 Coordinates
[miner2] I am at (10,8) which is near (9,9)
[miner2] I chose to go near 26 0 Coordinates
[miner3] I am at (7,7) which is near (7,6)
[miner3] I chose to go near 13 21 Coordinates
[miner4] I am at (5,26) which is near (5,27)
[miner4] I chose to go near 20 3 Coordinates
[miner2] I am at (26,1) which is near (26,0)
[miner2] I chose to go near 9 25 Coordinates
[miner1] I am at (2,28) which is near (2,29)
[miner1] I chose to go near 2 6 Coordinates
[miner3] I am at (13,20) which is near (13,21)
[miner3] I chose to go near 29 17 Coordinates
[miner1] I am at (2,7) which is near (2,6)
[miner3] I am at (29,18) which is near (29,17)
[miner1] I chose to go near 22 27 Coordinates
[miner3] I chose to go near 25 22 Coordinates
[miner3] I am at (25,21) which is near (25,22)
[miner3] I chose to go near 0 17 Coordinates
[miner4] I am at (20,4) which is near (20,3)
[miner4] I chose to go near 28 6 Coordinates
[miner2] I am at (9,24) which is near (9,25)
[miner2] I chose to go near 27 5 Coordinates
[miner4] I am at (28,5) which is near (28,6)
[miner4] I chose to go near 1 4 Coordinates
[miner3] I am at (0,18) which is near (0,17)
[miner3] I chose to go near 19 30 Coordinates
[miner1] I am at (22,26) which is near (22,27)
[miner1] I chose to go near 5 25 Coordinates
[miner4] I am at (2,5) which is near (1,4)
[miner4] I chose to go near 15 4 Coordinates
[miner2] I am at (27,6) which is near (27,5)
[miner2] I chose to go near 2 22 Coordinates
[miner1] I am at (6,26) which is near (5,25)
[miner1] I chose to go near 33 16 Coordinates
[miner4] I am at (14,5) which is near (15,4)
[miner4] I chose to go near 16 1 Coordinates
[miner4] I am at (16,2) which is near (16,1)
[miner4] I chose to go near 7 5 Coordinates
[miner3] I am at (19,29) which is near (19,30)
[miner3] I chose to go near 20 30 Coordinates
[miner3] I am at (19,29) which is near (20,30)
[miner3] I chose to go near 15 2 Coordinates
[miner4] I am at (7,4) which is near (7,5)
[miner4] I chose to go near 2 24 Coordinates
[miner1] I am at (33,17) which is near (33,16)
[miner1] I chose to go near 28 6 Coordinates
[miner2] I am at (2,21) which is near (2,22)
[miner2] I chose to go near 4 15 Coordinates
[miner3] I am at (15,3) which is near (15,2)
[miner3] I chose to go near 10 10 Coordinates
[miner4] I am at (2,23) which is near (2,24)
[miner4] I chose to go near 32 6 Coordinates
[miner2] I am at (4,16) which is near (4,15)
[miner2] I chose to go near 28 15 Coordinates
[miner3] I am at (10,9) which is near (10,10)
[miner3] I chose to go near 12 7 Coordinates
[miner1] I am at (28,7) which is near (28,6)
[miner1] I chose to go near 15 16 Coordinates
[miner3] I am at (12,8) which is near (12,7)
[miner3] I chose to go near 3 19 Coordinates
[miner2] I am at (27,16) which is near (28,15)
[miner2] I chose to go near 14 10 Coordinates
[miner1] I am at (15,15) which is near (15,16)
[miner1] I chose to go near 16 22 Coordinates
[miner3] I am at (3,18) which is near (3,19)
[miner3] I chose to go near 6 4 Coordinates
[miner1] I am at (16,21) which is near (16,22)
[miner1] I chose to go near 16 18 Coordinates
[miner1] I am at (16,19) which is near (16,18)
[miner1] I chose to go near 11 32 Coordinates
[miner2] I am at (14,11) which is near (14,10)
[miner2] I chose to go near 5 8 Coordinates
[miner4] I am at (32,7) which is near (32,6)
[miner4] I chose to go near 26 11 Coordinates
[miner3] I am at (6,5) which is near (6,4)
[miner3] I chose to go near 33 15 Coordinates
[miner2] I am at (5,9) which is near (5,8)
[miner2] I chose to go near 11 16 Coordinates
[miner4] I am at (26,10) which is near (26,11)
[miner4] I chose to go near 20 2 Coordinates
[miner1] I am at (11,31) which is near (11,32)
[miner1] I chose to go near 31 12 Coordinates
[miner2] I am at (11,15) which is near (11,16)
[miner2] I chose to go near 27 29 Coordinates
[miner4] I am at (20,3) which is near (20,2)
[miner4] I chose to go near 29 14 Coordinates
[miner3] I am at (33,14) which is near (33,15)
[miner3] I chose to go near 32 20 Coordinates
[miner4] I am at (29,13) which is near (29,14)
[miner4] I chose to go near 6 13 Coordinates
[miner3] I am at (32,19) which is near (32,20)
[miner3] I chose to go near 12 32 Coordinates
[miner1] I am at (31,13) which is near (31,12)
[miner1] I chose to go near 3 8 Coordinates
[miner2] I am at (27,28) which is near (27,29)
[miner2] I chose to go near 20 19 Coordinates
[miner4] I am at (7,13) which is near (6,13)
[miner4] I chose to go near 9 17 Coordinates
[miner2] I am at (20,20) which is near (20,19)
[miner2] I chose to go near 19 17 Coordinates
[miner2] I am at (19,18) which is near (19,17)
[miner2] I chose to go near 1 11 Coordinates
[miner4] I am at (9,16) which is near (9,17)
[miner4] I chose to go near 5 2 Coordinates
[miner3] I am at (12,31) which is near (12,32)
[miner3] I chose to go near 19 32 Coordinates
[miner1] I am at (3,9) which is near (3,8)
[miner1] I chose to go near 0 11 Coordinates
[miner3] I am at (18,31) which is near (19,32)
[miner3] I chose to go near 23 14 Coordinates
[miner1] I am at (0,10) which is near (0,11)
[miner1] I chose to go near 18 1 Coordinates
[miner4] I am at (5,3) which is near (5,2)
[miner4] I chose to go near 32 26 Coordinates
[miner2] I am at (1,12) which is near (1,11)
[miner2] I chose to go near 18 28 Coordinates
[miner3] I am at (23,15) which is near (23,14)
[miner3] I chose to go near 24 11 Coordinates
[miner3] I am at (24,12) which is near (24,11)
[miner3] I chose to go near 26 31 Coordinates
[miner1] I am at (18,2) which is near (18,1)
[miner1] I chose to go near 23 2 Coordinates
[miner1] I am at (22,2) which is near (23,2)
[miner1] I chose to go near 5 21 Coordinates
[miner2] I am at (18,27) which is near (18,28)
[miner2] I chose to go near 12 32 Coordinates
[miner3] I am at (26,30) which is near (26,31)
[miner3] I chose to go near 31 22 Coordinates
[miner2] I am at (12,31) which is near (12,32)
[miner2] I chose to go near 14 9 Coordinates
[miner4] I am at (32,25) which is near (32,26)
[miner4] I chose to go near 27 23 Coordinates
[miner3] I am at (31,23) which is near (31,22)
[miner3] I chose to go near 1 23 Coordinates
[miner4] I am at (29,24) and I can't get to' (27,23)
[miner4] I chose to go near 22 16 Coordinates
[miner1] I am at (5,20) which is near (5,21)
[miner1] I chose to go near 26 6 Coordinates
[miner2] I am at (14,10) which is near (14,9)
[miner2] I chose to go near 8 14 Coordinates
[miner4] I am at (22,17) which is near (22,16)
[miner4] I chose to go near 2 4 Coordinates
[miner2] I am at (8,13) which is near (8,14)
[miner2] I chose to go near 6 17 Coordinates
[miner3] I am at (2,23) which is near (1,23)
[miner3] I chose to go near 30 13 Coordinates
[miner2] I am at (6,16) which is near (6,17)
[miner2] I chose to go near 3 11 Coordinates
[miner2] I am at (3,12) which is near (3,11)
[miner2] I chose to go near 27 18 Coordinates
[miner1] I am at (26,7) which is near (26,6)
[miner1] I chose to go near 12 24 Coordinates
[miner4] I am at (2,5) which is near (2,4)
[miner4] I chose to go near 25 9 Coordinates
[miner3] I am at (30,14) which is near (30,13)
[miner3] I chose to go near 6 5 Coordinates
[miner2] I am at (27,17) which is near (27,18)
[miner2] I chose to go near 21 2 Coordinates
[miner1] I am at (12,23) which is near (12,24)
[miner1] I chose to go near 21 22 Coordinates
[miner4] I am at (25,8) which is near (25,9)
[miner4] I chose to go near 10 6 Coordinates
[miner1] I am at (20,23) which is near (21,22)
[miner1] I chose to go near 0 4 Coordinates
[miner2] I am at (21,3) which is near (21,2)
[miner2] I chose to go near 5 9 Coordinates
[miner4] I am at (10,7) which is near (10,6)
[miner4] I chose to go near 26 29 Coordinates
[miner3] I am at (6,6) which is near (6,5)
[miner3] I chose to go near 12 31 Coordinates
[miner2] I am at (5,8) which is near (5,9)
[miner2] I chose to go near 1 5 Coordinates
[miner2] I am at (1,6) which is near (1,5)
[miner2] I chose to go near 17 8 Coordinates
[miner1] I am at (0,5) which is near (0,4)
[miner1] I chose to go near 11 32 Coordinates
[miner3] I am at (12,30) which is near (12,31)
[miner3] I chose to go near 10 27 Coordinates
[miner4] I am at (26,28) which is near (26,29)
[miner4] I chose to go near 33 16 Coordinates
[miner3] I am at (10,28) which is near (10,27)
[miner3] I chose to go near 33 27 Coordinates
[miner2] I am at (17,7) which is near (17,8)
[miner2] I chose to go near 7 18 Coordinates
[miner4] I am at (33,17) which is near (33,16)
[miner4] I chose to go near 5 19 Coordinates
[miner2] I am at (7,17) which is near (7,18)
[miner2] I chose to go near 3 23 Coordinates
[miner3] I am at (32,28) which is near (33,27)
[miner3] I chose to go near 29 7 Coordinates
[miner1] I am at (11,31) which is near (11,32)
[miner1] I chose to go near 24 21 Coordinates
[miner2] I am at (3,22) which is near (3,23)
[miner2] I chose to go near 0 25 Coordinates
[miner2] I am at (0,24) which is near (0,25)
[miner2] I chose to go near 12 9 Coordinates
[miner4] I am at (5,18) which is near (5,19)
[miner4] I chose to go near 23 27 Coordinates
[miner3] I am at (29,8) which is near (29,7)
[miner3] I chose to go near 12 30 Coordinates
[miner1] I am at (24,22) which is near (24,21)
[miner1] I chose to go near 3 30 Coordinates
[miner2] I am at (12,10) which is near (12,9)
[miner2] I chose to go near 10 11 Coordinates
[miner2] I am at (11,10) which is near (10,11)
[miner2] I chose to go near 17 10 Coordinates
[miner2] I am at (16,10) which is near (17,10)
[miner2] I chose to go near 2 32 Coordinates
[miner4] I am at (23,26) which is near (23,27)
[miner4] I chose to go near 33 17 Coordinates
[miner1] I am at (3,29) which is near (3,30)
[miner1] I chose to go near 21 15 Coordinates
[miner3] I am at (12,29) which is near (12,30)
[miner3] I chose to go near 11 25 Coordinates
[miner3] I am at (12,26) which is near (11,25)
[miner3] I chose to go near 12 26 Coordinates
[miner3] I am at (12,26) which is near (12,26)
[miner3] I chose to go near 2 8 Coordinates
[miner4] I am at (33,18) which is near (33,17)
[miner4] I chose to go near 7 13 Coordinates
[miner2] I am at (2,31) which is near (2,32)
[miner2] I chose to go near 7 31 Coordinates
[miner2] I am at (6,31) which is near (7,31)
[miner2] I chose to go near 20 30 Coordinates
[miner1] I am at (20,16) which is near (21,15)
[miner1] I chose to go near 27 32 Coordinates
[miner4] I am at (7,14) which is near (7,13)
[miner4] I chose to go near 33 9 Coordinates
[miner2] I am at (19,31) which is near (20,30)
[miner2] I chose to go near 2 2 Coordinates
[miner3] I am at (2,9) which is near (2,8)
[miner3] I chose to go near 8 21 Coordinates
[miner1] I am at (27,31) which is near (27,32)
[miner1] I chose to go near 0 24 Coordinates
[miner3] I am at (8,20) which is near (8,21)
[miner3] I chose to go near 4 26 Coordinates
[miner3] I am at (4,25) which is near (4,26)
[miner3] I chose to go near 15 15 Coordinates
[miner4] I am at (33,10) which is near (33,9)
[miner4] I chose to go near 7 8 Coordinates
[miner2] I am at (2,3) which is near (2,2)
[miner2] I chose to go near 30 7 Coordinates
[miner3] I am at (15,16) which is near (15,15)
[miner3] I chose to go near 19 0 Coordinates
[miner1] I am at (0,25) which is near (0,24)
[miner1] I chose to go near 10 18 Coordinates
[miner4] I am at (7,9) which is near (7,8)
[miner4] I chose to go near 12 31 Coordinates
[miner1] I am at (10,19) which is near (10,18)
[miner1] I chose to go near 20 20 Coordinates
[miner3] I am at (19,1) which is near (19,0)
[miner3] I chose to go near 23 21 Coordinates
[miner1] I am at (19,19) which is near (20,20)
[miner1] I chose to go near 32 22 Coordinates
[miner2] I am at (30,6) which is near (30,7)
[miner2] I chose to go near 32 1 Coordinates
[miner4] I am at (12,30) which is near (12,31)
[miner4] I chose to go near 13 32 Coordinates
[miner2] I am at (32,2) which is near (32,1)
[miner2] I chose to go near 13 32 Coordinates
[miner4] I am at (13,31) which is near (13,32)
[miner4] I chose to go near 18 27 Coordinates
[miner1] I am at (32,21) which is near (32,22)
[miner1] I chose to go near 27 0 Coordinates
[miner3] I am at (23,20) which is near (23,21)
[miner3] I chose to go near 15 31 Coordinates
[miner4] I am at (18,28) which is near (18,27)
[miner4] I chose to go near 6 8 Coordinates
[miner3] I am at (15,30) which is near (15,31)
[miner3] I chose to go near 12 32 Coordinates
[miner3] I am at (12,31) which is near (12,32)
[miner3] I chose to go near 10 29 Coordinates
[miner1] I am at (27,1) which is near (27,0)
[miner1] I chose to go near 23 22 Coordinates
[miner3] I am at (10,30) which is near (10,29)
[miner3] I chose to go near 10 24 Coordinates
[miner3] I am at (10,25) which is near (10,24)
[miner3] I chose to go near 1 29 Coordinates
[miner4] I am at (6,9) which is near (6,8)
[miner4] I chose to go near 24 16 Coordinates
[miner2] I am at (13,31) which is near (13,32)
[miner2] I chose to go near 13 23 Coordinates
[miner3] I am at (1,28) which is near (1,29)
[miner3] I chose to go near 12 21 Coordinates
[miner2] I am at (13,24) which is near (13,23)
[miner2] I chose to go near 15 13 Coordinates
[miner1] I am at (23,21) which is near (23,22)
[miner1] I chose to go near 16 28 Coordinates
[miner4] I am at (24,15) which is near (24,16)
[miner4] I chose to go near 13 25 Coordinates
[miner2] I am at (15,14) which is near (15,13)
[miner2] I chose to go near 32 0 Coordinates
[miner3] I am at (12,22) which is near (12,21)
[miner3] I chose to go near 30 29 Coordinates
[miner1] I am at (16,27) which is near (16,28)
[miner1] I chose to go near 8 2 Coordinates
[miner4] I am at (13,24) which is near (13,25)
[miner4] I chose to go near 5 2 Coordinates
[miner3] I am at (30,28) which is near (30,29)
[miner3] I chose to go near 22 5 Coordinates
[miner2] I am at (32,1) which is near (32,0)
[miner2] I chose to go near 6 9 Coordinates
[miner1] I am at (8,3) which is near (8,2)
[miner1] I chose to go near 24 26 Coordinates
[miner4] I am at (5,3) which is near (5,2)
[miner4] I chose to go near 11 18 Coordinates
[miner3] I am at (22,6) which is near (22,5)
[miner3] I chose to go near 31 20 Coordinates
[miner2] I am at (6,8) which is near (6,9)
[miner2] I chose to go near 18 15 Coordinates
[miner4] I am at (11,17) which is near (11,18)
[miner4] I chose to go near 8 19 Coordinates
[miner4] I am at (8,18) which is near (8,19)
[miner4] I chose to go near 26 8 Coordinates
[miner1] I am at (24,25) which is near (24,26)
[miner1] I chose to go near 3 14 Coordinates
[miner3] I am at (31,19) which is near (31,20)
[miner3] I chose to go near 6 18 Coordinates
[miner2] I am at (18,14) which is near (18,15)
[miner2] I chose to go near 8 4 Coordinates
[miner4] I am at (26,9) which is near (26,8)
[miner4] I chose to go near 3 16 Coordinates
[miner2] I am at (8,5) which is near (8,4)
[miner2] I chose to go near 28 15 Coordinates
[miner3] I am at (7,19) which is near (6,18)
[miner3] I chose to go near 33 23 Coordinates
[miner1] I am at (3,15) which is near (3,14)
[miner1] I chose to go near 7 30 Coordinates
[miner1] I am at (7,29) which is near (7,30)
[miner1] I chose to go near 4 1 Coordinates
[miner4] I am at (3,15) which is near (3,16)
[miner4] I chose to go near 21 2 Coordinates
[miner2] I am at (28,14) which is near (28,15)
[miner2] I chose to go near 20 1 Coordinates
[miner3] I am at (33,22) which is near (33,23)
[miner3] I chose to go near 12 9 Coordinates
[miner2] I am at (20,2) which is near (20,1)
[miner2] I chose to go near 30 26 Coordinates
[miner1] I am at (4,2) which is near (4,1)
[miner1] I chose to go near 4 4 Coordinates
[miner1] I am at (4,3) which is near (4,4)
[miner1] I chose to go near 26 27 Coordinates
[miner4] I am at (21,3) which is near (21,2)
[miner4] I chose to go near 25 0 Coordinates
[miner4] I am at (25,1) which is near (25,0)
[miner4] I chose to go near 8 1 Coordinates
[miner3] I am at (12,10) which is near (12,9)
[miner3] I chose to go near 1 30 Coordinates
[miner4] I am at (9,1) which is near (8,1)
[miner4] I chose to go near 12 26 Coordinates
[miner2] I am at (30,25) which is near (30,26)
[miner2] I chose to go near 25 0 Coordinates
[miner3] I am at (1,29) which is near (1,30)
[miner3] I chose to go near 8 12 Coordinates
[miner1] I am at (26,26) which is near (26,27)
[miner1] I chose to go near 1 9 Coordinates
[miner4] I am at (12,25) which is near (12,26)
[miner4] I chose to go near 0 11 Coordinates
[miner2] I am at (25,1) which is near (25,0)
[miner2] I chose to go near 15 4 Coordinates
[miner3] I am at (8,13) which is near (8,12)
[miner3] I chose to go near 29 4 Coordinates
[miner2] I am at (15,3) which is near (15,4)
[miner2] I chose to go near 19 16 Coordinates
[miner4] I am at (0,12) which is near (0,11)
[miner4] I chose to go near 16 22 Coordinates
[miner1] I am at (1,10) which is near (1,9)
[miner1] I chose to go near 24 18 Coordinates
[miner2] I am at (19,15) which is near (19,16)
[miner2] I chose to go near 0 1 Coordinates
[miner3] I am at (29,5) which is near (29,4)
[miner3] I chose to go near 18 22 Coordinates
[miner4] I am at (16,21) which is near (16,22)
[miner4] I chose to go near 4 16 Coordinates
[miner1] I am at (24,17) which is near (24,18)
[miner1] I chose to go near 26 16 Coordinates
[miner1] I am at (25,17) which is near (26,16)
[miner1] I chose to go near 6 24 Coordinates
[miner3] I am at (18,21) which is near (18,22)
[miner3] I chose to go near 0 19 Coordinates
[miner2] I am at (0,2) which is near (0,1)
[miner2] I chose to go near 20 1 Coordinates
[miner4] I am at (4,17) which is near (4,16)
[miner4] I chose to go near 18 25 Coordinates
[miner3] I am at (0,20) which is near (0,19)
[miner3] I chose to go near 13 13 Coordinates
[miner2] I am at (19,2) which is near (20,1)
[miner2] I chose to go near 24 7 Coordinates
[miner4] I am at (17,26) which is near (18,25)
[miner4] I chose to go near 30 24 Coordinates
[miner2] I am at (24,6) which is near (24,7)
[miner2] I chose to go near 12 4 Coordinates
[miner1] I am at (7,24) which is near (6,24)
[miner1] I chose to go near 1 32 Coordinates
[miner3] I am at (13,14) which is near (13,13)
[miner3] I chose to go near 10 23 Coordinates
[miner2] I am at (12,5) which is near (12,4)
[miner2] I chose to go near 30 24 Coordinates
[miner4] I am at (30,25) which is near (30,24)
[miner4] I chose to go near 4 7 Coordinates
[miner1] I am at (1,31) which is near (1,32)
[miner1] I chose to go near 9 6 Coordinates
[miner3] I am at (10,22) which is near (10,23)
[miner3] I chose to go near 0 8 Coordinates
[miner3] I am at (0,9) which is near (0,8)
[miner3] I chose to go near 12 1 Coordinates
[miner1] I am at (9,7) which is near (9,6)
[miner1] I chose to go near 22 24 Coordinates
[miner2] I am at (30,23) which is near (30,24)
[miner2] I chose to go near 17 25 Coordinates
[miner4] I am at (4,8) which is near (4,7)
[miner4] I chose to go near 18 26 Coordinates
[miner3] I am at (12,2) which is near (12,1)
[miner3] I chose to go near 0 14 Coordinates
[miner2] I am at (17,24) which is near (17,25)
[miner2] I chose to go near 18 9 Coordinates
[miner1] I am at (22,23) which is near (22,24)
[miner1] I chose to go near 14 5 Coordinates
[miner2] I am at (18,10) which is near (18,9)
[miner2] I chose to go near 15 12 Coordinates
[miner2] I am at (15,11) which is near (15,12)
[miner2] I chose to go near 13 18 Coordinates
[miner3] I am at (0,13) which is near (0,14)
[miner3] I chose to go near 0 5 Coordinates
[miner4] I am at (18,25) which is near (18,26)
[miner4] I chose to go near 18 13 Coordinates
[miner3] I am at (0,6) which is near (0,5)
[miner3] I chose to go near 25 16 Coordinates
[miner2] I am at (13,17) which is near (13,18)
[miner2] I chose to go near 30 22 Coordinates
[miner4] I am at (18,14) which is near (18,13)
[miner4] I chose to go near 20 2 Coordinates
[miner1] I am at (14,6) which is near (14,5)
[miner1] I chose to go near 17 32 Coordinates
[miner4] I am at (20,3) which is near (20,2)
[miner4] I chose to go near 22 8 Coordinates
[miner2] I am at (30,21) which is near (30,22)
[miner2] I chose to go near 10 24 Coordinates
[miner4] I am at (22,7) which is near (22,8)
[miner4] I chose to go near 15 17 Coordinates
[miner3] I am at (25,15) which is near (25,16)
[miner3] I chose to go near 4 1 Coordinates
[miner1] I am at (17,31) which is near (17,32)
[miner1] I chose to go near 10 25 Coordinates
[miner4] I am at (15,16) which is near (15,17)
[miner4] I chose to go near 31 19 Coordinates
[miner2] I am at (10,23) which is near (10,24)
[miner2] I chose to go near 3 30 Coordinates
[miner1] I am at (10,26) which is near (10,25)
[miner1] I chose to go near 22 11 Coordinates
[miner2] I am at (3,29) which is near (3,30)
[miner2] I chose to go near 23 14 Coordinates
[miner4] I am at (31,18) which is near (31,19)
[miner4] I chose to go near 31 5 Coordinates
[miner3] I am at (4,2) which is near (4,1)
[miner3] I chose to go near 2 9 Coordinates
[miner4] I am at (31,6) which is near (31,5)
[miner4] I chose to go near 12 30 Coordinates
[miner1] I am at (22,12) which is near (22,11)
[miner1] I chose to go near 5 25 Coordinates
[miner3] I am at (2,8) which is near (2,9)
[miner3] I chose to go near 12 9 Coordinates
[miner3] I am at (11,8) which is near (12,9)
[miner3] I chose to go near 27 7 Coordinates
[miner2] I am at (23,15) which is near (23,14)
[miner2] I chose to go near 14 10 Coordinates
[miner3] I am at (26,8) which is near (27,7)
[miner3] I chose to go near 10 31 Coordinates
[miner1] I am at (5,24) which is near (5,25)
[miner1] I chose to go near 0 0 Coordinates
[miner2] I am at (14,11) which is near (14,10)
[miner2] I chose to go near 13 16 Coordinates
[miner2] I am at (13,15) which is near (13,16)
[miner2] I chose to go near 32 18 Coordinates
[miner4] I am at (12,29) which is near (12,30)
[miner4] I chose to go near 1 15 Coordinates
[miner2] I am at (32,17) which is near (32,18)
[miner2] I chose to go near 0 0 Coordinates
[miner1] I am at (0,1) which is near (0,0)
[miner1] I chose to go near 19 18 Coordinates
[miner4] I am at (1,16) which is near (1,15)
[miner4] I chose to go near 3 24 Coordinates
[miner3] I am at (10,30) which is near (10,31)
[miner3] I chose to go near 24 22 Coordinates
[miner4] I am at (3,23) which is near (3,24)
[miner4] I chose to go near 13 32 Coordinates
[miner3] I am at (24,23) which is near (24,22)
[miner3] I chose to go near 22 32 Coordinates
[miner4] I am at (13,31) which is near (13,32)
[miner4] I chose to go near 7 32 Coordinates
[miner1] I am at (19,17) which is near (19,18)
[miner1] I chose to go near 27 12 Coordinates
[miner4] I am at (8,31) which is near (7,32)
[miner4] I chose to go near 9 1 Coordinates
[miner3] I am at (22,31) which is near (22,32)
[miner3] I chose to go near 16 12 Coordinates
[miner2] I am at (0,1) which is near (0,0)
[miner2] I chose to go near 24 21 Coordinates
[miner1] I am at (27,13) which is near (27,12)
[miner1] I chose to go near 33 7 Coordinates
[miner1] I am at (33,8) which is near (33,7)
[miner1] I chose to go near 32 32 Coordinates
[miner3] I am at (16,13) which is near (16,12)
[miner3] I chose to go near 28 6 Coordinates
[miner4] I am at (9,2) which is near (9,1)
[miner4] I chose to go near 12 6 Coordinates
[miner4] I am at (12,5) which is near (12,6)
[miner4] I chose to go near 28 31 Coordinates
[miner3] I am at (28,7) which is near (28,6)
[miner3] I chose to go near 19 24 Coordinates
[miner1] I am at (32,31) which is near (32,32)
[miner1] I chose to go near 8 9 Coordinates
[miner2] I am at (24,20) which is near (24,21)
[miner2] I chose to go near 4 21 Coordinates
[miner2] I am at (5,20) which is near (4,21)
[miner2] I chose to go near 33 24 Coordinates
[miner3] I am at (20,24) which is near (19,24)
[miner3] I chose to go near 29 25 Coordinates
[miner4] I am at (28,30) which is near (28,31)
[miner4] I chose to go near 8 15 Coordinates
[miner3] I am at (28,24) which is near (29,25)
[miner3] I chose to go near 19 13 Coordinates
[miner1] I am at (8,10) which is near (8,9)
[miner1] I chose to go near 28 20 Coordinates
[miner2] I am at (33,23) which is near (33,24)
[miner2] I chose to go near 1 23 Coordinates
[miner3] I am at (19,14) which is near (19,13)
[miner3] I chose to go near 8 4 Coordinates
[miner4] I am at (8,16) which is near (8,15)
[miner4] I chose to go near 3 30 Coordinates
[miner1] I am at (28,19) which is near (28,20)
[miner1] I chose to go near 11 19 Coordinates
[miner3] I am at (8,5) which is near (8,4)
[miner3] I chose to go near 8 30 Coordinates
[miner2] I am at (2,24) which is near (1,23)
[miner2] I chose to go near 1 20 Coordinates
[miner1] I am at (12,19) which is near (11,19)
[miner1] I chose to go near 12 9 Coordinates
[miner4] I am at (3,29) which is near (3,30)
[miner4] I chose to go near 21 20 Coordinates
[miner2] I am at (1,21) which is near (1,20)
[miner2] I chose to go near 28 9 Coordinates
[miner1] I am at (12,10) which is near (12,9)
[miner1] I chose to go near 33 24 Coordinates
[miner3] I am at (8,29) which is near (8,30)
[miner3] I chose to go near 19 3 Coordinates
[miner4] I am at (21,21) which is near (21,20)
[miner4] I chose to go near 2 26 Coordinates
[miner2] I am at (28,10) which is near (28,9)
[miner2] I chose to go near 7 32 Coordinates
[miner1] I am at (33,23) which is near (33,24)
[miner1] I chose to go near 28 31 Coordinates
[miner3] I am at (19,4) which is near (19,3)
[miner3] I chose to go near 21 20 Coordinates
[miner4] I am at (2,25) which is near (2,26)
[miner4] I chose to go near 18 29 Coordinates
[miner1] I am at (28,30) which is near (28,31)
[miner1] I chose to go near 27 29 Coordinates
[miner1] I am at (28,30) which is near (27,29)
[miner1] I chose to go near 11 4 Coordinates
[miner3] I am at (21,19) which is near (21,20)
[miner3] I chose to go near 10 21 Coordinates
[miner4] I am at (18,28) which is near (18,29)
[miner4] I chose to go near 8 8 Coordinates
[miner3] I am at (10,20) which is near (10,21)
[miner3] I chose to go near 14 24 Coordinates
[miner2] I am at (7,31) which is near (7,32)
[miner2] I chose to go near 22 0 Coordinates
[miner3] I am at (14,23) which is near (14,24)
[miner3] I chose to go near 11 2 Coordinates
[miner1] I am at (11,5) which is near (11,4)
[miner1] I chose to go near 4 0 Coordinates
[miner4] I am at (8,9) which is near (8,8)
[miner4] I chose to go near 22 3 Coordinates
[miner3] I am at (11,3) which is near (11,2)
[miner3] I chose to go near 9 30 Coordinates
[miner1] I am at (4,1) which is near (4,0)
[miner1] I chose to go near 23 11 Coordinates
[miner4] I am at (21,3) which is near (22,3)
[miner4] I chose to go near 18 26 Coordinates
[miner2] I am at (22,1) which is near (22,0)
[miner2] I chose to go near 17 19 Coordinates
[miner3] I am at (9,29) which is near (9,30)
[miner3] I chose to go near 2 25 Coordinates
[miner1] I am at (23,10) which is near (23,11)
[miner1] I chose to go near 6 18 Coordinates
[miner3] I am at (2,26) which is near (2,25)
[miner3] I chose to go near 28 21 Coordinates
[miner4] I am at (18,25) which is near (18,26)
[miner4] I chose to go near 14 5 Coordinates
[miner2] I am at (17,18) which is near (17,19)
[miner2] I chose to go near 19 26 Coordinates
[miner2] I am at (19,25) which is near (19,26)
[miner2] I chose to go near 26 29 Coordinates
[miner1] I am at (7,18) which is near (6,18)
[miner1] I chose to go near 31 9 Coordinates
[miner2] I am at (26,28) which is near (26,29)
[miner2] I chose to go near 25 29 Coordinates
[miner2] I am at (26,28) which is near (25,29)
[miner2] I chose to go near 17 26 Coordinates
[miner4] I am at (14,6) which is near (14,5)
[miner4] I chose to go near 21 31 Coordinates
[miner3] I am at (28,22) which is near (28,21)
[miner3] I chose to go near 19 7 Coordinates
[miner2] I am at (17,27) which is near (17,26)
[miner2] I chose to go near 6 13 Coordinates
[miner1] I am at (31,10) which is near (31,9)
[miner1] I chose to go near 19 33 Coordinates
[miner3] I am at (19,8) which is near (19,7)
[miner3] I chose to go near 26 13 Coordinates
[miner4] I am at (21,30) which is near (21,31)
[miner4] I chose to go near 23 9 Coordinates
[miner2] I am at (6,14) which is near (6,13)
[miner2] I chose to go near 33 3 Coordinates
[miner3] I am at (26,12) which is near (26,13)
[miner3] I chose to go near 3 22 Coordinates
[miner4] I am at (23,10) which is near (23,9)
[miner4] I chose to go near 33 17 Coordinates
[miner1] I am at (19,32) which is near (19,33)
[miner1] I chose to go near 20 31 Coordinates
[miner1] I am at (19,32) which is near (20,31)
[miner1] I chose to go near 20 12 Coordinates
[miner2] I am at (33,4) which is near (33,3)
[miner2] I chose to go near 33 3 Coordinates
[miner2] I am at (33,4) which is near (33,3)
[miner2] I chose to go near 20 2 Coordinates
[miner3] I am at (3,21) which is near (3,22)
[miner3] I chose to go near 13 19 Coordinates
[miner4] I am at (33,16) which is near (33,17)
[miner4] I chose to go near 19 20 Coordinates
[miner1] I am at (20,13) which is near (20,12)
[miner1] I chose to go near 4 13 Coordinates
[miner3] I am at (13,20) which is near (13,19)
[miner3] I chose to go near 14 12 Coordinates
[miner2] I am at (20,3) which is near (20,2)
[miner2] I chose to go near 22 11 Coordinates
[miner3] I am at (14,13) which is near (14,12)
[miner3] I chose to go near 2 1 Coordinates
[miner4] I am at (19,19) which is near (19,20)
[miner4] I chose to go near 13 12 Coordinates
[miner2] I am at (22,10) which is near (22,11)
[miner2] I chose to go near 13 7 Coordinates
[miner1] I am at (5,13) which is near (4,13)
[miner1] I chose to go near 21 32 Coordinates
[miner4] I am at (13,13) which is near (13,12)
[miner4] I chose to go near 4 16 Coordinates
[miner2] I am at (13,8) which is near (13,7)
[miner2] I chose to go near 28 25 Coordinates
[miner3] I am at (2,2) which is near (2,1)
[miner3] I chose to go near 15 25 Coordinates
[miner4] I am at (5,16) which is near (4,16)
[miner4] I chose to go near 30 0 Coordinates
[miner1] I am at (21,31) which is near (21,32)
[miner1] I chose to go near 7 24 Coordinates
[miner2] I am at (28,24) which is near (28,25)
[miner2] I chose to go near 5 0 Coordinates
[miner3] I am at (15,24) which is near (15,25)
[miner3] I chose to go near 32 30 Coordinates
[miner1] I am at (7,25) which is near (7,24)
[miner1] I chose to go near 0 11 Coordinates
[miner4] I am at (30,1) which is near (30,0)
[miner4] I chose to go near 31 16 Coordinates
[miner3] I am at (32,29) which is near (32,30)
[miner3] I chose to go near 28 8 Coordinates
[miner4] I am at (31,15) which is near (31,16)
[miner4] I chose to go near 9 16 Coordinates
[miner1] I am at (0,12) which is near (0,11)
[miner1] I chose to go near 31 30 Coordinates
[miner2] I am at (5,1) which is near (5,0)
[miner2] I chose to go near 29 18 Coordinates
[miner3] I am at (28,9) which is near (28,8)
[miner3] I chose to go near 29 29 Coordinates
[miner4] I am at (10,15) which is near (9,16)
[miner4] I chose to go near 14 31 Coordinates
[miner4] I am at (14,30) which is near (14,31)
[miner4] I chose to go near 26 8 Coordinates
[miner3] I am at (29,28) which is near (29,29)
[miner3] I chose to go near 3 33 Coordinates
[miner1] I am at (31,29) which is near (31,30)
[miner1] I chose to go near 22 29 Coordinates
[miner2] I am at (29,17) which is near (29,18)
[miner2] I chose to go near 7 21 Coordinates
[miner1] I am at (23,29) which is near (22,29)
[miner1] I chose to go near 11 9 Coordinates
[miner3] I am at (3,32) which is near (3,33)
[miner3] I chose to go near 20 7 Coordinates
[miner2] I am at (7,20) which is near (7,21)
[miner2] I chose to go near 21 17 Coordinates
[miner4] I am at (26,9) which is near (26,8)
[miner4] I chose to go near 30 10 Coordinates
[miner4] I am at (29,9) which is near (30,10)
[miner4] I chose to go near 33 5 Coordinates
[miner4] I am at (33,6) which is near (33,5)
[miner4] I chose to go near 2 17 Coordinates
[miner1] I am at (11,10) which is near (11,9)
[miner1] I chose to go near 19 0 Coordinates
[miner2] I am at (20,18) which is near (21,17)
[miner2] I chose to go near 3 33 Coordinates
[miner1] I am at (19,1) which is near (19,0)
[miner1] I chose to go near 12 7 Coordinates
[miner3] I am at (20,8) which is near (20,7)
[miner3] I chose to go near 7 25 Coordinates
[miner1] I am at (12,6) which is near (12,7)
[miner1] I chose to go near 18 4 Coordinates
[miner2] I am at (3,32) which is near (3,33)
[miner2] I chose to go near 8 25 Coordinates
[miner1] I am at (18,5) which is near (18,4)
[miner1] I chose to go near 23 28 Coordinates
[miner4] I am at (2,16) which is near (2,17)
[miner4] I chose to go near 29 14 Coordinates
[miner2] I am at (8,26) which is near (8,25)
[miner2] I chose to go near 5 29 Coordinates
[miner2] I am at (5,28) which is near (5,29)
[miner2] I chose to go near 27 9 Coordinates
[miner3] I am at (7,24) which is near (7,25)
[miner3] I chose to go near 19 8 Coordinates
[miner1] I am at (23,27) which is near (23,28)
[miner1] I chose to go near 20 4 Coordinates
[miner4] I am at (29,15) which is near (29,14)
[miner4] I chose to go near 32 29 Coordinates
[miner3] I am at (19,9) which is near (19,8)
[miner3] I chose to go near 10 13 Coordinates
[miner4] I am at (32,28) which is near (32,29)
[miner4] I chose to go near 14 18 Coordinates
[miner1] I am at (20,5) which is near (20,4)
[miner1] I chose to go near 19 33 Coordinates
[miner2] I am at (27,10) which is near (27,9)
[miner2] I chose to go near 6 0 Coordinates
[miner3] I am at (10,12) which is near (10,13)
[miner3] I chose to go near 31 20 Coordinates
[miner4] I am at (14,19) which is near (14,18)
[miner4] I chose to go near 6 19 Coordinates
[miner1] I am at (19,32) which is near (19,33)
[miner1] I chose to go near 3 6 Coordinates
[miner4] I am at (7,19) which is near (6,19)
[miner4] I chose to go near 6 4 Coordinates
[miner3] I am at (31,19) which is near (31,20)
[miner3] I chose to go near 8 7 Coordinates
[miner2] I am at (6,1) which is near (6,0)
[miner2] I chose to go near 12 32 Coordinates
[miner4] I am at (6,5) which is near (6,4)
[miner4] I chose to go near 30 6 Coordinates
[miner3] I am at (8,8) which is near (8,7)
[miner3] I chose to go near 1 19 Coordinates
[miner4] I am at (29,5) which is near (30,6)
[miner4] I chose to go near 16 28 Coordinates
[miner1] I am at (3,7) which is near (3,6)
[miner1] I chose to go near 32 31 Coordinates
[miner2] I am at (12,31) which is near (12,32)
[miner2] I chose to go near 30 12 Coordinates
[miner3] I am at (1,18) which is near (1,19)
[miner3] I chose to go near 27 10 Coordinates
[miner4] I am at (16,27) which is near (16,28)
[miner4] I chose to go near 30 0 Coordinates
[miner2] I am at (30,13) which is near (30,12)
[miner2] I chose to go near 20 16 Coordinates
[miner3] I am at (27,11) which is near (27,10)
[miner3] I chose to go near 14 5 Coordinates
[miner2] I am at (20,15) which is near (20,16)
[miner2] I chose to go near 30 20 Coordinates
[miner1] I am at (32,30) which is near (32,31)
[miner1] I chose to go near 29 17 Coordinates
[miner2] I am at (30,19) which is near (30,20)
[miner2] I chose to go near 17 20 Coordinates
[miner3] I am at (14,6) which is near (14,5)
[miner3] I chose to go near 21 20 Coordinates
[miner1] I am at (29,18) which is near (29,17)
[miner1] I chose to go near 13 5 Coordinates
[miner4] I am at (30,1) which is near (30,0)
[miner4] I chose to go near 25 6 Coordinates
[miner2] I am at (18,19) which is near (17,20)
[miner2] I chose to go near 16 17 Coordinates
[miner2] I am at (16,18) which is near (16,17)
[miner2] I chose to go near 24 21 Coordinates
[miner4] I am at (25,5) which is near (25,6)
[miner4] I chose to go near 19 6 Coordinates
[miner3] I am at (21,19) which is near (21,20)
[miner3] I chose to go near 24 20 Coordinates
[miner2] I am at (24,20) which is near (24,21)
[miner2] I chose to go near 6 25 Coordinates
[miner4] I am at (20,5) which is near (19,6)
[miner4] I chose to go near 14 15 Coordinates
[miner3] I am at (23,19) which is near (24,20)
[miner3] I chose to go near 0 25 Coordinates
[miner1] I am at (13,6) which is near (13,5)
[miner1] I chose to go near 31 1 Coordinates
[miner4] I am at (14,14) which is near (14,15)
[miner4] I chose to go near 9 20 Coordinates
[miner2] I am at (6,24) which is near (6,25)
[miner2] I chose to go near 3 1 Coordinates
[miner4] I am at (9,19) which is near (9,20)
[miner4] I chose to go near 23 22 Coordinates
[miner3] I am at (0,24) which is near (0,25)
[miner3] I chose to go near 32 16 Coordinates
[miner1] I am at (31,2) which is near (31,1)
[miner1] I chose to go near 8 18 Coordinates
[miner4] I am at (23,21) which is near (23,22)
[miner4] I chose to go near 30 1 Coordinates
[miner2] I am at (3,2) which is near (3,1)
[miner2] I chose to go near 1 26 Coordinates
[miner4] I am at (30,2) which is near (30,1)
[miner4] I chose to go near 5 11 Coordinates
[miner3] I am at (32,17) which is near (32,16)
[miner3] I chose to go near 17 4 Coordinates
[miner1] I am at (8,17) which is near (8,18)
[miner1] I chose to go near 29 10 Coordinates
[miner2] I am at (1,25) which is near (1,26)
[miner2] I chose to go near 16 14 Coordinates
[miner3] I am at (17,5) which is near (17,4)
[miner3] I chose to go near 23 24 Coordinates
[miner1] I am at (29,11) which is near (29,10)
[miner1] I chose to go near 7 24 Coordinates
[miner2] I am at (16,15) which is near (16,14)
[miner2] I chose to go near 14 0 Coordinates
[miner4] I am at (5,10) which is near (5,11)
[miner4] I chose to go near 14 25 Coordinates
