[JaCaMoLauncher] as2j: error parsing "file:src/agt/minerH.asl": Encountered " "<-" "<- "" at line 214, column 3.
Was expecting one of:
    <VAR> ...
    "true" ...
    "false" ...
    "not" ...
    "~" ...
    "begin" ...
    "end" ...
    "if" ...
    "for" ...
    "while" ...
    "::" ...
    <NUMBER> ...
    <STRING> ...
    <ATOM> ...
    <UNNAMEDVARID> ...
    <UNNAMEDVAR> ...
    "{" ...
    "(" ...
    "." ...
    "!" ...
    "+" ...
    "-" ...
    "?" ...
    "!!" ...
    "[" ...
    
[JaCaMoLauncher] as2j: error parsing "file:src/agt/minerH.asl": Encountered " "<-" "<- "" at line 214, column 3.
Was expecting one of:
    <VAR> ...
    "true" ...
    "false" ...
    "not" ...
    "~" ...
    "begin" ...
    "end" ...
    "if" ...
    "for" ...
    "while" ...
    "::" ...
    <NUMBER> ...
    <STRING> ...
    <ATOM> ...
    <UNNAMEDVARID> ...
    <UNNAMEDVAR> ...
    "{" ...
    "(" ...
    "." ...
    "!" ...
    "+" ...
    "-" ...
    "?" ...
    "!!" ...
    "[" ...
    
[JaCaMoLauncher] as2j: error parsing "file:src/agt/minerH.asl": Encountered " "<-" "<- "" at line 214, column 3.
Was expecting one of:
    <VAR> ...
    "true" ...
    "false" ...
    "not" ...
    "~" ...
    "begin" ...
    "end" ...
    "if" ...
    "for" ...
    "while" ...
    "::" ...
    <NUMBER> ...
    <STRING> ...
    <ATOM> ...
    <UNNAMEDVARID> ...
    <UNNAMEDVAR> ...
    "{" ...
    "(" ...
    "." ...
    "!" ...
    "+" ...
    "-" ...
    "?" ...
    "!!" ...
    "[" ...
    
[JaCaMoLauncher] as2j: error parsing "file:src/agt/minerH.asl": Encountered " "<-" "<- "" at line 214, column 3.
Was expecting one of:
    <VAR> ...
    "true" ...
    "false" ...
    "not" ...
    "~" ...
    "begin" ...
    "end" ...
    "if" ...
    "for" ...
    "while" ...
    "::" ...
    <NUMBER> ...
    <STRING> ...
    <ATOM> ...
    <UNNAMEDVARID> ...
    <UNNAMEDVAR> ...
    "{" ...
    "(" ...
    "." ...
    "!" ...
    "+" ...
    "-" ...
    "?" ...
    "!!" ...
    "[" ...
    
[JaCaMoLauncher] as2j: error parsing "file:src/agt/leaderG.asl": Encountered " <ATOM> ".print "" at line 26, column 7.
Was expecting one of:
    "div" ...
    "mod" ...
    "|&|" ...
    "|||" ...
    "." ...
    "+" ...
    "-" ...
    ";" ...
    "<" ...
    ">" ...
    "[" ...
    "|" ...
    "&" ...
    "<=" ...
    ">=" ...
    "==" ...
    "\\==" ...
    "=" ...
    "=.." ...
    "*" ...
    "/" ...
    "**" ...
    "[" ...
    "**" ...
    "*" ...
    "/" ...
    "div" ...
    "mod" ...
    "+" ...
    "-" ...
    "<" ...
    "<=" ...
    ">" ...
    ">=" ...
    "==" ...
    "\\==" ...
    "=" ...
    "=.." ...
    "&" ...
    "|" ...
    
[Cartago] Workspace mining created.
[Cartago] artifact m1view: mining.MiningPlanet(4,0) at mining created.
[Cartago] artifact m2view: mining.MiningPlanet(4,1) at mining created.
[Cartago] artifact m4view: mining.MiningPlanet(4,3) at mining created.
[Cartago] artifact m3view: mining.MiningPlanet(4,2) at mining created.
[MiningPlanet] Error creating world java.lang.NullPointerException: Cannot read field "x" because "l" is null
[Cartago] artifact m5view: mining.MiningPlanet(4,4) at mining created.
