[Cartago] Workspace mining created.
[Cartago] artifact m1view: mining.MiningPlanet(4,0) at mining created.
[Cartago] artifact m2view: mining.MiningPlanet(4,1) at mining created.
[Cartago] artifact m4view: mining.MiningPlanet(4,3) at mining created.
[Cartago] artifact m3view: mining.MiningPlanet(4,2) at mining created.
[MiningPlanet] Error creating world java.lang.NullPointerException: Cannot read field "x" because "l" is null
[Cartago] artifact m5view: mining.MiningPlanet(4,4) at mining created.
[miner4] join workspace /main/mining: done
[miner1] join workspace /main/mining: done
[miner4] focusing on artifact m4view (at workspace /main/mining) using namespace default
[miner2] join workspace /main/mining: done
[miner1] focusing on artifact m1view (at workspace /main/mining) using namespace default
[miner3] join workspace /main/mining: done
[miner2] focusing on artifact m2view (at workspace /main/mining) using namespace default
[miner4] focus on m4view: done
[miner2] focus on m2view: done
[miner1] focus on m1view: done
[miner3] focusing on artifact m3view (at workspace /main/mining) using namespace default
[leader_1] join workspace /main/mining: done
[miner1] I chose to go near 25 13 Coordinates
[leader_1] focusing on artifact m5view (at workspace /main/mining) using namespace default
[miner3] focus on m3view: done
[miner4] I chose to go near 20 23 Coordinates
[miner2] I chose to go near 30 26 Coordinates
[miner3] I chose to go near 2 20 Coordinates
[leader_1] focus on m5view: done
[miner3] I am at (3,20) which is near (2,20)
[miner3] I chose to go near 28 29 Coordinates
[miner4] Gold perceived: gold(19,20)
[miner1] Gold perceived: gold(1,1)
[miner4] Dropping near(_,_) desires and intentions to handle gold(19,20)
[miner1] Dropping near(_,_) desires and intentions to handle gold(1,1)
[miner4] Going for gold(19,20)
[miner1] Going for gold(1,1)
[miner4] Handling gold(19,20) now.
[miner1] Handling gold(1,1) now.
[miner1] I've reached 1x1
[miner4] I've reached 19x20
[miner4] I've reached 5x27
[WorldModel] Agent 4 carried a gold to depot!
[miner4] Finish handling gold(19,20)
[miner4] Gold distances: [d(17,gold(15,20)),d(20,gold(20,22)),d(21,gold(20,21)),d(22,gold(20,20)),d(20,gold(19,21))]5
[miner4] Next gold is gold(15,20)
[miner4] Handling gold(15,20) now.
[leader] Agent miner4 has dropped 1 pieces of gold
[miner2] I am at (30,25) which is near (30,26)
[miner2] I chose to go near 14 3 Coordinates
[miner3] I am at (27,29) which is near (28,29)
[miner3] I chose to go near 1 16 Coordinates
[miner1] I've reached 5x27
[WorldModel] Agent 1 carried a gold to depot!
[miner1] Finish handling gold(1,1)
[leader] Agent miner1 has dropped 1 pieces of gold
[miner1] I chose to go near 23 21 Coordinates
[miner2] Gold perceived: gold(24,24)
[miner2] Dropping near(_,_) desires and intentions to handle gold(24,24)
[miner2] Going for gold(24,24)
[miner2] Handling gold(24,24) now.
[miner2] I've reached 24x24
[miner4] I've reached 15x20
[miner1] I am at (23,22) which is near (23,21)
[miner1] I chose to go near 13 23 Coordinates
[miner1] Gold perceived: gold(20,21)
[miner1] Dropping near(_,_) desires and intentions to handle gold(20,21)
[miner1] Going for gold(20,21)
[miner1] Handling gold(20,21) now.
[miner2] I've reached 5x27
[miner1] I've reached 20x21
[WorldModel] Agent 2 carried a gold to depot!
[miner2] Finish handling gold(24,24)
[leader] Agent miner2 has dropped 1 pieces of gold
[miner2] Gold distances: [d(18,gold(20,24)),d(19,gold(20,23))]2
[miner2] Next gold is gold(20,24)
[miner2] Handling gold(20,24) now.
[miner4] I've reached 5x27
[WorldModel] Agent 4 carried a gold to depot!
[miner4] Finish handling gold(15,20)
[leader] Agent miner4 has dropped 2 pieces of gold
[miner4] Gold distances: [d(20,gold(20,22)),d(21,gold(20,21)),d(22,gold(20,20)),d(20,gold(19,21))]4
[miner4] Next gold is gold(19,21)
[miner4] Handling gold(19,21) now.
[miner3] I am at (1,17) which is near (1,16)
[miner3] I chose to go near 23 6 Coordinates
[miner2] I've reached 20x24
[miner1] I've reached 5x27
[WorldModel] Agent 1 carried a gold to depot!
[miner1] Finish handling gold(20,21)
[leader] Agent miner1 has dropped 2 pieces of gold
[miner1] Gold distances: [d(22,gold(20,20)),d(20,gold(19,21)),d(19,gold(20,23)),d(20,gold(20,22))]4
[miner1] Next gold is gold(20,23)
[miner1] Handling gold(20,23) now.
[miner4] I've reached 19x21
[miner2] I've reached 5x27
[WorldModel] Agent 2 carried a gold to depot!
[miner2] Finish handling gold(20,24)
[leader] Agent miner2 has dropped 2 pieces of gold
[miner2] Gold distances: [d(19,gold(20,23))]1
[miner2] Next gold is gold(20,23)
[miner2] Handling gold(20,23) now.
[miner3] I am at (23,7) which is near (23,6)
[miner3] I chose to go near 14 23 Coordinates
[miner1] I've reached 20x23
[miner4] I've reached 5x27
[WorldModel] Agent 4 carried a gold to depot!
[miner4] Finish handling gold(19,21)
[leader] Agent miner4 has dropped 3 pieces of gold
[miner4] Gold distances: [d(19,gold(20,23)),d(20,gold(20,22)),d(21,gold(20,21)),d(22,gold(20,20))]4
[miner4] Next gold is gold(20,23)
[miner4] Handling gold(20,23) now.
[miner2] I've reached 20x23
[WorldModel] Agent 2 is trying the pick gold, but there is no gold at 20x23!
[miner2] failed to catch gold gold(20,23)
[miner2] Gold distances: [d(1,gold(20,22))]1
[miner2] Next gold is gold(20,22)
[miner2] Handling gold(20,22) now.
[miner2] I've reached 20x22
[miner1] I've reached 5x27
[WorldModel] Agent 1 carried a gold to depot!
[miner1] Finish handling gold(20,23)
[leader] Agent miner1 has dropped 3 pieces of gold
[miner1] Gold distances: [d(22,gold(20,20)),d(20,gold(19,21)),d(20,gold(20,22))]3
[miner1] Next gold is gold(19,21)
[miner1] Handling gold(19,21) now.
[miner3] I am at (14,22) which is near (14,23)
[miner3] I chose to go near 7 26 Coordinates
[miner4] I've reached 20x23
[WorldModel] Agent 4 is trying the pick gold, but there is no gold at 20x23!
[miner4] failed to catch gold gold(20,23)
[miner4] Gold distances: [d(1,gold(20,22)),d(2,gold(20,21)),d(3,gold(20,20))]3
[miner4] Next gold is gold(20,22)
[miner4] Handling gold(20,22) now.
[miner4] I've reached 20x22
[WorldModel] Agent 4 is trying the pick gold, but there is no gold at 20x22!
[miner4] failed to catch gold gold(20,22)
[miner4] Gold distances: [d(1,gold(20,21)),d(2,gold(20,20))]2
[miner4] Next gold is gold(20,21)
[miner4] Handling gold(20,21) now.
[miner4] I've reached 20x21
[WorldModel] Agent 4 is trying the pick gold, but there is no gold at 20x21!
[miner4] failed to catch gold gold(20,21)
[miner4] Gold distances: [d(1,gold(20,20))]1
[miner4] Next gold is gold(20,20)
[miner4] Handling gold(20,20) now.
[miner4] I've reached 20x20
[miner3] I am at (7,25) which is near (7,26)
[miner3] I chose to go near 3 1 Coordinates
[miner2] I've reached 5x27
[miner1] I've reached 19x21
[WorldModel] Agent 2 carried a gold to depot!
[miner2] Finish handling gold(20,22)
[leader] Agent miner2 has dropped 3 pieces of gold
[miner2] I chose to go near 30 31 Coordinates
[WorldModel] Agent 1 is trying the pick gold, but there is no gold at 19x21!
[miner1] failed to catch gold gold(19,21)
[miner1] Gold distances: [d(2,gold(20,20)),d(2,gold(20,22))]2
[miner1] Next gold is gold(20,20)
[miner1] Handling gold(20,20) now.
[miner1] I've reached 20x20
[WorldModel] Agent 1 is trying the pick gold, but there is no gold at 20x20!
[miner1] failed to catch gold gold(20,20)
[miner1] Gold distances: [d(2,gold(20,22))]1
[miner1] Next gold is gold(20,22)
[miner1] Handling gold(20,22) now.
[miner1] I've reached 20x22
[WorldModel] Agent 1 is trying the pick gold, but there is no gold at 20x22!
[miner1] failed to catch gold gold(20,22)
[miner1] I chose to go near 33 6 Coordinates
[miner4] I've reached 5x27
[miner3] Gold perceived: gold(3,5)
[miner3] Dropping near(_,_) desires and intentions to handle gold(3,5)
[miner3] Going for gold(3,5)
[miner3] Handling gold(3,5) now.
[WorldModel] Agent 4 carried a gold to depot!
[miner4] Finish handling gold(20,20)
[leader] Agent miner4 has dropped 4 pieces of gold
[miner4] I chose to go near 20 25 Coordinates
[miner3] I've reached 3x5
[miner2] I am at (30,30) which is near (30,31)
[miner2] I chose to go near 33 33 Coordinates
[miner4] I am at (20,26) which is near (20,25)
[miner4] I chose to go near 4 15 Coordinates
[miner2] I am at (33,32) which is near (33,33)
[miner2] I chose to go near 9 3 Coordinates
[miner1] I am at (33,7) which is near (33,6)
[miner1] I chose to go near 5 2 Coordinates
[miner3] I've reached 5x27
[WorldModel] Agent 3 carried a gold to depot!
[miner3] Finish handling gold(3,5)
[leader] Agent miner3 has dropped 1 pieces of gold
[miner3] I chose to go near 33 4 Coordinates
[miner4] I am at (4,16) which is near (4,15)
[miner4] I chose to go near 11 4 Coordinates
[miner1] I am at (5,3) which is near (5,2)
[miner1] I chose to go near 23 28 Coordinates
[miner4] I am at (11,5) which is near (11,4)
[miner4] I chose to go near 17 31 Coordinates
[miner2] I am at (9,4) which is near (9,3)
[miner2] I chose to go near 16 12 Coordinates
[miner3] I am at (33,5) which is near (33,4)
[miner3] I chose to go near 7 7 Coordinates
[miner2] I am at (16,11) which is near (16,12)
[miner2] I chose to go near 7 31 Coordinates
[miner4] I am at (17,30) which is near (17,31)
[miner4] I chose to go near 25 32 Coordinates
[miner1] I am at (23,27) which is near (23,28)
[miner1] I chose to go near 8 22 Coordinates
[miner4] I am at (25,31) which is near (25,32)
[miner4] I chose to go near 12 20 Coordinates
[miner3] I am at (7,6) which is near (7,7)
[miner3] I chose to go near 12 20 Coordinates
[miner2] I am at (7,30) which is near (7,31)
[miner2] I chose to go near 32 22 Coordinates
[miner1] I am at (8,23) which is near (8,22)
[miner1] I chose to go near 31 12 Coordinates
[miner3] I am at (12,19) which is near (12,20)
[miner3] I chose to go near 31 19 Coordinates
[miner4] I am at (12,21) which is near (12,20)
[miner4] I chose to go near 24 11 Coordinates
[miner3] I am at (30,19) which is near (31,19)
[miner3] I chose to go near 2 27 Coordinates
[miner4] I am at (24,12) which is near (24,11)
[miner4] I chose to go near 7 13 Coordinates
[miner2] I am at (32,23) which is near (32,22)
[miner2] I chose to go near 25 20 Coordinates
[miner1] I am at (31,13) which is near (31,12)
[miner1] I chose to go near 24 2 Coordinates
[miner4] Gold perceived: gold(20,13)
[miner4] Dropping near(_,_) desires and intentions to handle gold(20,13)
[miner4] Going for gold(20,13)
[miner4] Handling gold(20,13) now.
[miner4] I've reached 20x13
[miner2] I am at (25,21) which is near (25,20)
[miner2] I chose to go near 9 8 Coordinates
[miner1] I am at (24,3) which is near (24,2)
[miner1] I chose to go near 5 23 Coordinates
[miner3] I am at (2,26) which is near (2,27)
[miner3] I chose to go near 1 23 Coordinates
[miner3] I am at (1,24) which is near (1,23)
[miner3] I chose to go near 11 33 Coordinates
[miner4] I've reached 5x27
[WorldModel] Agent 4 carried a gold to depot!
[miner4] Finish handling gold(20,13)
[leader] Agent miner4 has dropped 5 pieces of gold
[miner4] I chose to go near 3 20 Coordinates
[miner2] I am at (9,9) which is near (9,8)
[miner2] I chose to go near 25 11 Coordinates
[miner4] I am at (3,21) which is near (3,20)
[miner4] I chose to go near 2 26 Coordinates
[miner4] I am at (2,25) which is near (2,26)
[miner4] I chose to go near 25 22 Coordinates
[miner3] I am at (11,32) which is near (11,33)
[miner3] I chose to go near 5 22 Coordinates
[miner2] I am at (25,10) which is near (25,11)
[miner2] I chose to go near 19 9 Coordinates
[miner1] I am at (5,22) which is near (5,23)
[miner1] I chose to go near 25 17 Coordinates
[miner2] I am at (20,10) which is near (19,9)
[miner2] I chose to go near 0 23 Coordinates
[miner3] I am at (5,23) which is near (5,22)
[miner3] I chose to go near 27 31 Coordinates
[miner4] I am at (25,23) which is near (25,22)
[miner4] I chose to go near 5 6 Coordinates
[miner1] I am at (25,18) which is near (25,17)
[miner1] I chose to go near 25 31 Coordinates
[miner2] I am at (0,22) which is near (0,23)
[miner2] I chose to go near 13 6 Coordinates
[miner1] I am at (25,30) which is near (25,31)
[miner1] I chose to go near 19 27 Coordinates
[miner3] I am at (26,31) which is near (27,31)
[miner3] I chose to go near 16 31 Coordinates
[miner1] I am at (19,28) which is near (19,27)
[miner1] I chose to go near 26 32 Coordinates
