[Cartago] Workspace mining created.
[Cartago] artifact m1view: mining.MiningPlanet(4,0) at mining created.
[Cartago] artifact m2view: mining.MiningPlanet(4,1) at mining created.
[Cartago] artifact m4view: mining.MiningPlanet(4,3) at mining created.
[Cartago] artifact m3view: mining.MiningPlanet(4,2) at mining created.
[MiningPlanet] Error creating world java.lang.NullPointerException: Cannot read field "x" because "l" is null
[Cartago] artifact m5view: mining.MiningPlanet(4,4) at mining created.
[miner3] join workspace /main/mining: done
[miner3] focusing on artifact m3view (at workspace /main/mining) using namespace default
[miner1] join workspace /main/mining: done
[miner1] focusing on artifact m1view (at workspace /main/mining) using namespace default
[miner4] join workspace /main/mining: done
[miner2] join workspace /main/mining: done
[miner1] focus on m1view: done
[miner4] focusing on artifact m4view (at workspace /main/mining) using namespace default
[miner3] focus on m3view: done
[miner2] focusing on artifact m2view (at workspace /main/mining) using namespace default
[miner4] focus on m4view: done
[miner2] focus on m2view: done
[miner1] I chose to go near 10 22 Coordinates
[miner3] I chose to go near 14 14 Coordinates
[miner4] I chose to go near 4 27 Coordinates
[miner2] I chose to go near 16 2 Coordinates
[miner4] Gold perceived: gold(19,20)
[miner1] Gold perceived: gold(1,1)
[miner4] Dropping near(_,_) desires and intentions to handle gold(19,20)
[miner1] Dropping near(_,_) desires and intentions to handle gold(1,1)
[miner4] Going for gold(19,20)
[miner4] Handling gold(19,20) now.
[miner1] Going for gold(1,1)
[miner4] I've reached 19x20
[miner1] Handling gold(1,1) now.
[miner1] I've reached 1x1
[miner2] I am at (16,1) which is near (16,2)
[miner2] I chose to go near 8 19 Coordinates
[miner3] Gold perceived: gold(15,20)
[miner3] Dropping near(_,_) desires and intentions to handle gold(15,20)
[miner3] Going for gold(15,20)
[miner3] Handling gold(15,20) now.
[miner3] I've reached 15x20
